2023-09-23 22:17:07,839 [INFO] Activator:176 - 


2023-09-23 22:17:07,849 [INFO] Activator:177 - !SESSION log4j initialized
2023-09-23 22:17:15,332 [ERROR] LogOutputStream:75 - [STDERR_REDIRECT] 
2023-09-23 22:17:16,543 [INFO] LogOutputStream:77 - [STDOUT_REDIRECT] 
2023-09-23 22:17:19,356 [INFO] LogOutputStream:77 - [STDOUT_REDIRECT] 
2023-09-23 22:17:23,771 [INFO] ApplicationProperties:184 - Using Application install path: /Applications/STM32CubeIDE.app/Contents/Eclipse/plugins/com.st.stm32cube.common.mx_6.9.1.202307191849
2023-09-23 22:17:23,801 [INFO] DbMcusXml:78 - Set database path to: /Applications/STM32CubeIDE.app/Contents/Eclipse/plugins/com.st.stm32cube.common.mx_6.9.1.202307191849//db//mcu/
2023-09-23 22:17:23,801 [INFO] ApiDb:274 - Set plugin database path to: /Applications/STM32CubeIDE.app/Contents/Eclipse/plugins/com.st.stm32cube.common.mx_6.9.1.202307191849//db//plugins/boardmanager/
2023-09-23 22:17:23,802 [WARN] ApiDb:259 - Overriding images path with different value:  => /Applications/STM32CubeIDE.app/Contents/Eclipse/plugins/com.st.stm32cube.common.mx_6.9.1.202307191849//db//plugins/mcufinder/images/
2023-09-23 22:17:23,846 [INFO] ApiDb:250 - Set database path to: /Users/arnoldbenedictganapin/.stmcufinder/plugins/mcufinder//mcu/
2023-09-23 22:17:23,848 [INFO] DbMcusAds:125 - Set database path to: /Users/arnoldbenedictganapin/.stmcufinder/plugins/mcufinder//mcu/
2023-09-23 22:17:23,852 [INFO] CrossReferenceDbSqlite:203 - Set database path to: /Users/arnoldbenedictganapin/.stmcufinder/plugins/mcufinder//mcu/cs/
2023-09-23 22:17:24,078 [INFO] RulesReader:64 - Compatibility file has been processed (293 Rules)
2023-09-23 22:17:24,185 [INFO] DbMcusXml:78 - Set database path to: /Applications/STM32CubeIDE.app/Contents/Eclipse/plugins/com.st.stm32cube.common.mx_6.9.1.202307191849//db//mcu/
2023-09-23 22:17:24,186 [INFO] ApiDb:274 - Set plugin database path to: /Applications/STM32CubeIDE.app/Contents/Eclipse/plugins/com.st.stm32cube.common.mx_6.9.1.202307191849//db//plugins/boardmanager/
2023-09-23 22:17:24,186 [INFO] ApiDb:261 - Set plugin images path to: /Applications/STM32CubeIDE.app/Contents/Eclipse/plugins/com.st.stm32cube.common.mx_6.9.1.202307191849//db//plugins/mcufinder/images/
2023-09-23 22:17:24,186 [WARN] DbFile:41 - Overriding database path with different value: /Users/arnoldbenedictganapin/.stmcufinder/plugins/mcufinder/ => /Users/arnoldbenedictganapin/.stmcufinder/plugins/mcufinder
2023-09-23 22:17:24,186 [INFO] ApiDb:250 - Set database path to: /Users/arnoldbenedictganapin/.stmcufinder/plugins/mcufinder//mcu/
2023-09-23 22:17:24,187 [WARN] DbFile:41 - Overriding database path with different value: /Users/arnoldbenedictganapin/.stmcufinder/plugins/mcufinder/ => /Users/arnoldbenedictganapin/.stmcufinder/plugins/mcufinder
2023-09-23 22:17:24,187 [INFO] DbMcusAds:125 - Set database path to: /Users/arnoldbenedictganapin/.stmcufinder/plugins/mcufinder//mcu/
2023-09-23 22:17:24,187 [WARN] DbFile:41 - Overriding database path with different value: /Users/arnoldbenedictganapin/.stmcufinder/plugins/mcufinder/ => /Users/arnoldbenedictganapin/.stmcufinder/plugins/mcufinder
2023-09-23 22:17:24,187 [WARN] DbFile:41 - Overriding database path with different value: /Users/arnoldbenedictganapin/.stmcufinder/plugins/mcufinder/ => /Users/arnoldbenedictganapin/.stmcufinder/plugins/mcufinder
2023-09-23 22:17:24,187 [INFO] CrossReferenceDbSqlite:203 - Set database path to: /Users/arnoldbenedictganapin/.stmcufinder/plugins/mcufinder//mcu/cs/
2023-09-23 22:17:24,305 [INFO] MainPanel:262 - HeapMemory: 268435456
2023-09-23 22:17:24,428 [INFO] DbMcusXml:78 - Set database path to: /Applications/STM32CubeIDE.app/Contents/Eclipse/plugins/com.st.stm32cube.common.mx_6.9.1.202307191849//db//mcu/
2023-09-23 22:17:24,428 [INFO] ApiDb:274 - Set plugin database path to: /Applications/STM32CubeIDE.app/Contents/Eclipse/plugins/com.st.stm32cube.common.mx_6.9.1.202307191849//db//plugins/boardmanager/
2023-09-23 22:17:24,428 [INFO] ApiDb:261 - Set plugin images path to: /Applications/STM32CubeIDE.app/Contents/Eclipse/plugins/com.st.stm32cube.common.mx_6.9.1.202307191849//db//plugins/mcufinder/images/
2023-09-23 22:17:24,429 [WARN] DbFile:41 - Overriding database path with different value: /Users/arnoldbenedictganapin/.stmcufinder/plugins/mcufinder/ => /Users/arnoldbenedictganapin/.stmcufinder/plugins/mcufinder
2023-09-23 22:17:24,429 [INFO] ApiDb:250 - Set database path to: /Users/arnoldbenedictganapin/.stmcufinder/plugins/mcufinder//mcu/
2023-09-23 22:17:24,429 [WARN] DbFile:41 - Overriding database path with different value: /Users/arnoldbenedictganapin/.stmcufinder/plugins/mcufinder/ => /Users/arnoldbenedictganapin/.stmcufinder/plugins/mcufinder
2023-09-23 22:17:24,429 [INFO] DbMcusAds:125 - Set database path to: /Users/arnoldbenedictganapin/.stmcufinder/plugins/mcufinder//mcu/
2023-09-23 22:17:24,429 [WARN] DbFile:41 - Overriding database path with different value: /Users/arnoldbenedictganapin/.stmcufinder/plugins/mcufinder/ => /Users/arnoldbenedictganapin/.stmcufinder/plugins/mcufinder
2023-09-23 22:17:24,429 [WARN] DbFile:41 - Overriding database path with different value: /Users/arnoldbenedictganapin/.stmcufinder/plugins/mcufinder/ => /Users/arnoldbenedictganapin/.stmcufinder/plugins/mcufinder
2023-09-23 22:17:24,429 [INFO] CrossReferenceDbSqlite:203 - Set database path to: /Users/arnoldbenedictganapin/.stmcufinder/plugins/mcufinder//mcu/cs/
2023-09-23 22:17:24,461 [INFO] ApplicationProperties:184 - Using Application install path: /Applications/STM32CubeIDE.app/Contents/Eclipse/plugins/com.st.stm32cube.common.mx_6.9.1.202307191849
2023-09-23 22:17:24,463 [INFO] PluginManage:196 - Search for loadable plugins [exclusion list=, ]
2023-09-23 22:17:24,466 [INFO] PluginManage:310 - Check plugin analytics
2023-09-23 22:17:24,777 [INFO] AnalyticsPlugin:253 - Accepted Software Licenses: 
2023-09-23 22:17:24,778 [INFO] AnalyticsPlugin:255 - Accepted CMSIS Pack Licenses: 
2023-09-23 22:17:24,779 [INFO] AnalyticsPlugin:257 - Accepted Firmware Licenses: FW.F4.1.27.0
2023-09-23 22:17:24,791 [INFO] PluginManage:359 - Loaded plugin analytics (category:tool,tabindex:-1)
2023-09-23 22:17:24,796 [INFO] PluginManage:310 - Check plugin cadmodel
2023-09-23 22:17:25,306 [INFO] CADModel:105 - Init CAD model plugin
2023-09-23 22:17:25,307 [INFO] PluginManage:359 - Loaded plugin cadmodel (category:power,tabindex:5)
2023-09-23 22:17:25,309 [INFO] PluginManage:310 - Check plugin clock
2023-09-23 22:17:25,332 [INFO] PluginManage:359 - Loaded plugin clock (category:base,tabindex:2)
2023-09-23 22:17:25,332 [INFO] PluginManage:310 - Check plugin ddr
2023-09-23 22:17:25,335 [INFO] PluginManage:359 - Loaded plugin ddr (category:tool,tabindex:6)
2023-09-23 22:17:25,336 [INFO] PluginManage:310 - Check plugin filemanager
2023-09-23 22:17:25,543 [INFO] PluginManage:359 - Loaded plugin filemanager (category:base,tabindex:10)
2023-09-23 22:17:25,544 [INFO] PluginManage:310 - Check plugin ipmanager
2023-09-23 22:17:25,553 [INFO] PluginManage:359 - Loaded plugin ipmanager (category:base,tabindex:5)
2023-09-23 22:17:25,553 [INFO] PluginManage:310 - Check plugin lpbam
2023-09-23 22:17:25,566 [INFO] PluginManage:359 - Loaded plugin lpbam (category:base,tabindex:0)
2023-09-23 22:17:25,566 [INFO] PluginManage:310 - Check plugin memorymap
2023-09-23 22:17:25,580 [INFO] PluginManage:359 - Loaded plugin memorymap (category:base,tabindex:4)
2023-09-23 22:17:25,580 [INFO] PluginManage:310 - Check plugin pinoutandconfiguration
2023-09-23 22:17:25,588 [INFO] PluginManage:359 - Loaded plugin pinoutandconfiguration (category:base,tabindex:1)
2023-09-23 22:17:25,588 [INFO] PluginManage:310 - Check plugin pinoutconfig
2023-09-23 22:17:25,721 [WARN] SupportedApi:132 - Cannot load RTOS API schema: s4s-elt-must-match.1: The content of 'definitions' must match (annotation?, (simpleType | complexType)?, (unique | key | keyref)*)). A problem was found starting at: attribute.
2023-09-23 22:17:26,061 [INFO] PluginManage:359 - Loaded plugin pinoutconfig (category:base,tabindex:0)
2023-09-23 22:17:26,062 [INFO] PluginManage:310 - Check plugin power
2023-09-23 22:17:26,086 [INFO] PluginManage:359 - Loaded plugin power (category:power,tabindex:4)
2023-09-23 22:17:26,086 [INFO] PluginManage:310 - Check plugin projectmanager
2023-09-23 22:17:26,159 [INFO] PluginManage:359 - Loaded plugin projectmanager (category:projectmanager,tabindex:3)
2023-09-23 22:17:26,160 [INFO] PluginManage:310 - Check plugin thirdparty
2023-09-23 22:17:26,658 [INFO] PluginManage:359 - Loaded plugin thirdparty (category:base,tabindex:-1)
2023-09-23 22:17:26,657 [WARN] IntegrityCheckThread:84 - waiting for thirdparty lock release [integrity check]
2023-09-23 22:17:26,671 [INFO] IntegrityCheckThread:86 - entering critical section [integrity check]
2023-09-23 22:17:26,671 [INFO] PluginManage:310 - Check plugin tools
2023-09-23 22:17:26,675 [INFO] ThirdPartyUpdaterWithRetryManager:70 - Updater plugin not ready yet. [1/15]
2023-09-23 22:17:26,686 [INFO] PluginManage:359 - Loaded plugin tools (category:base,tabindex:7)
2023-09-23 22:17:26,686 [INFO] PluginManage:310 - Check plugin tutovideos
2023-09-23 22:17:27,212 [INFO] PluginManage:359 - Loaded plugin tutovideos (category:base,tabindex:-1)
2023-09-23 22:17:27,213 [INFO] PluginManage:310 - Check plugin updater
2023-09-23 22:17:27,238 [INFO] PluginManage:359 - Loaded plugin updater (category:base,tabindex:12)
2023-09-23 22:17:27,238 [INFO] PluginManage:310 - Check plugin userauth
2023-09-23 22:17:27,246 [INFO] UserAuth:113 - Init User Auth plugin
2023-09-23 22:17:27,246 [INFO] PluginManage:359 - Loaded plugin userauth (category:base,tabindex:14)
2023-09-23 22:17:27,247 [INFO] PluginManage:283 - PluginManage : Loaded plugins [17]
2023-09-23 22:17:27,620 [INFO] PinOutPanel:1499 - setPackage(No Configuration,No Configuration)
2023-09-23 22:17:27,744 [INFO] CADModel:165 - CPN selected for project level
2023-09-23 22:17:27,744 [INFO] CADModel:114 - Register for checkConnection events
2023-09-23 22:17:27,757 [INFO] IPUIPlugin:80 - create IPUIPlugin
2023-09-23 22:17:27,758 [INFO] PluginManager:220 - loadIPPluginJar : add mdma
2023-09-23 22:17:27,764 [INFO] IPUIPlugin:80 - create IPUIPlugin
2023-09-23 22:17:27,764 [INFO] PluginManager:220 - loadIPPluginJar : add freertos
2023-09-23 22:17:27,769 [INFO] IPUIPlugin:80 - create IPUIPlugin
2023-09-23 22:17:27,769 [INFO] PluginManager:220 - loadIPPluginJar : add gic
2023-09-23 22:17:27,778 [INFO] IPUIPlugin:80 - create IPUIPlugin
2023-09-23 22:17:27,778 [INFO] PluginManager:220 - loadIPPluginJar : add adc
2023-09-23 22:17:27,781 [INFO] IPUIPlugin:80 - create IPUIPlugin
2023-09-23 22:17:27,781 [INFO] PluginManager:220 - loadIPPluginJar : add gtzc
2023-09-23 22:17:27,782 [INFO] IPUIPlugin:80 - create IPUIPlugin
2023-09-23 22:17:27,782 [INFO] PluginManager:220 - loadIPPluginJar : add quadspi
2023-09-23 22:17:27,785 [INFO] IPUIPlugin:80 - create IPUIPlugin
2023-09-23 22:17:27,785 [INFO] PluginManager:220 - loadIPPluginJar : add aes
2023-09-23 22:17:27,787 [INFO] IPUIPlugin:80 - create IPUIPlugin
2023-09-23 22:17:27,787 [INFO] PluginManager:220 - loadIPPluginJar : add pdm2pcm
2023-09-23 22:17:27,789 [INFO] IPUIPlugin:80 - create IPUIPlugin
2023-09-23 22:17:27,789 [INFO] PluginManager:220 - loadIPPluginJar : add hash
2023-09-23 22:17:27,790 [INFO] IPUIPlugin:80 - create IPUIPlugin
2023-09-23 22:17:27,790 [INFO] PluginManager:220 - loadIPPluginJar : add tim
2023-09-23 22:17:27,791 [INFO] IPUIPlugin:80 - create IPUIPlugin
2023-09-23 22:17:27,791 [INFO] PluginManager:220 - loadIPPluginJar : add tsc
2023-09-23 22:17:27,792 [INFO] IPUIPlugin:80 - create IPUIPlugin
2023-09-23 22:17:27,793 [INFO] PluginManager:220 - loadIPPluginJar : add ts
2023-09-23 22:17:27,795 [INFO] IPUIPlugin:80 - create IPUIPlugin
2023-09-23 22:17:27,795 [INFO] PluginManager:220 - loadIPPluginJar : add can
2023-09-23 22:17:27,798 [INFO] IPUIPlugin:80 - create IPUIPlugin
2023-09-23 22:17:27,798 [INFO] PluginManager:220 - loadIPPluginJar : add dma3
2023-09-23 22:17:27,801 [INFO] IPUIPlugin:80 - create IPUIPlugin
2023-09-23 22:17:27,801 [INFO] PluginManager:220 - loadIPPluginJar : add dfsdm
2023-09-23 22:17:27,802 [INFO] IPUIPlugin:80 - create IPUIPlugin
2023-09-23 22:17:27,803 [INFO] PluginManager:220 - loadIPPluginJar : add spi
2023-09-23 22:17:27,804 [INFO] IPUIPlugin:80 - create IPUIPlugin
2023-09-23 22:17:27,804 [INFO] PluginManager:220 - loadIPPluginJar : add gfxmmu
2023-09-23 22:17:27,805 [INFO] IPUIPlugin:80 - create IPUIPlugin
2023-09-23 22:17:27,805 [INFO] PluginManager:220 - loadIPPluginJar : add genericplugin
2023-09-23 22:17:27,808 [INFO] IPUIPlugin:80 - create IPUIPlugin
2023-09-23 22:17:27,808 [INFO] PluginManager:220 - loadIPPluginJar : add cryp
2023-09-23 22:17:27,811 [INFO] IPUIPlugin:80 - create IPUIPlugin
2023-09-23 22:17:27,811 [INFO] PluginManager:220 - loadIPPluginJar : add gpio
2023-09-23 22:17:27,812 [INFO] IPUIPlugin:80 - create IPUIPlugin
2023-09-23 22:17:27,812 [INFO] PluginManager:220 - loadIPPluginJar : add comp
2023-09-23 22:17:27,815 [INFO] IPUIPlugin:80 - create IPUIPlugin
2023-09-23 22:17:27,815 [INFO] PluginManager:220 - loadIPPluginJar : add tracer_emb
2023-09-23 22:17:27,817 [INFO] IPUIPlugin:80 - create IPUIPlugin
2023-09-23 22:17:27,817 [INFO] PluginManager:220 - loadIPPluginJar : add openamp
2023-09-23 22:17:27,821 [INFO] IPUIPlugin:80 - create IPUIPlugin
2023-09-23 22:17:27,821 [INFO] PluginManager:220 - loadIPPluginJar : add stm32_wpan
2023-09-23 22:17:27,826 [INFO] IPUIPlugin:80 - create IPUIPlugin
2023-09-23 22:17:27,829 [INFO] PluginManager:220 - loadIPPluginJar : add plateformsettings
2023-09-23 22:17:27,832 [INFO] IPUIPlugin:80 - create IPUIPlugin
2023-09-23 22:17:27,832 [INFO] PluginManager:220 - loadIPPluginJar : add ipddr
2023-09-23 22:17:27,834 [INFO] IPUIPlugin:80 - create IPUIPlugin
2023-09-23 22:17:27,834 [INFO] PluginManager:220 - loadIPPluginJar : add usart
2023-09-23 22:17:27,835 [INFO] IPUIPlugin:80 - create IPUIPlugin
2023-09-23 22:17:27,835 [INFO] PluginManager:220 - loadIPPluginJar : add ltdc
2023-09-23 22:17:27,839 [INFO] IPUIPlugin:80 - create IPUIPlugin
2023-09-23 22:17:27,839 [INFO] PluginManager:220 - loadIPPluginJar : add nvic
2023-09-23 22:17:27,840 [INFO] IPUIPlugin:80 - create IPUIPlugin
2023-09-23 22:17:27,840 [INFO] PluginManager:220 - loadIPPluginJar : add fatfs
2023-09-23 22:17:27,847 [INFO] IPUIPlugin:80 - create IPUIPlugin
2023-09-23 22:17:27,847 [INFO] PluginManager:220 - loadIPPluginJar : add linkedlist
2023-09-23 22:17:27,853 [INFO] IPUIPlugin:80 - create IPUIPlugin
2023-09-23 22:17:27,853 [INFO] PluginManager:220 - loadIPPluginJar : add dma
2023-09-23 22:17:27,856 [INFO] IPUIPlugin:80 - create IPUIPlugin
2023-09-23 22:17:27,857 [INFO] PluginManager:220 - loadIPPluginJar : add fmc
2023-09-23 22:17:27,858 [INFO] IPUIPlugin:80 - create IPUIPlugin
2023-09-23 22:17:27,859 [INFO] PluginManager:220 - loadIPPluginJar : add i2s
2023-09-23 22:17:27,861 [INFO] IPUIPlugin:80 - create IPUIPlugin
2023-09-23 22:17:27,861 [INFO] PluginManager:220 - loadIPPluginJar : add ucpd
2023-09-23 22:17:27,863 [INFO] IPUIPlugin:80 - create IPUIPlugin
2023-09-23 22:17:27,863 [INFO] PluginManager:220 - loadIPPluginJar : add lorawan
2023-09-23 22:17:27,865 [INFO] IPUIPlugin:80 - create IPUIPlugin
2023-09-23 22:17:27,865 [INFO] PluginManager:220 - loadIPPluginJar : add opamp
2023-09-23 22:17:27,867 [INFO] IPUIPlugin:80 - create IPUIPlugin
2023-09-23 22:17:27,867 [INFO] PluginManager:220 - loadIPPluginJar : add i3c
2023-09-23 22:17:27,869 [INFO] IPUIPlugin:80 - create IPUIPlugin
2023-09-23 22:17:27,870 [INFO] PluginManager:220 - loadIPPluginJar : add touchsensing
2023-09-23 22:17:27,871 [INFO] IPUIPlugin:80 - create IPUIPlugin
2023-09-23 22:17:27,872 [INFO] PluginManager:220 - loadIPPluginJar : add i2c
2023-09-23 22:17:27,882 [INFO] IPUIPlugin:80 - create IPUIPlugin
2023-09-23 22:17:27,883 [INFO] PluginManager:220 - loadIPPluginJar : add resmgrutility
2023-09-23 22:17:27,887 [INFO] IPUIPlugin:80 - create IPUIPlugin
2023-09-23 22:17:27,887 [INFO] PluginManager:220 - loadIPPluginJar : add sai
2023-09-23 22:17:27,889 [INFO] IPUIPlugin:80 - create IPUIPlugin
2023-09-23 22:17:27,889 [INFO] PluginManager:220 - loadIPPluginJar : add usbx
2023-09-23 22:17:28,046 [INFO] CADModel:165 - CPN selected for project level
2023-09-23 22:17:28,046 [INFO] CADModel:114 - Register for checkConnection events
2023-09-23 22:17:28,047 [FATAL] Updater:308 - Updater called before beeing initialized
2023-09-23 22:17:28,047 [ERROR] CADModel:125 - Updater not yet initialized, retry later 
2023-09-23 22:17:28,399 [INFO] CADModel:165 - CPN selected for project level
2023-09-23 22:17:28,399 [INFO] CADModel:114 - Register for checkConnection events
2023-09-23 22:17:28,400 [FATAL] Updater:308 - Updater called before beeing initialized
2023-09-23 22:17:28,400 [ERROR] CADModel:125 - Updater not yet initialized, retry later 
2023-09-23 22:17:28,404 [FATAL] Updater:308 - Updater called before beeing initialized
2023-09-23 22:17:28,618 [FATAL] Updater:308 - Updater called before beeing initialized
2023-09-23 22:17:28,638 [INFO] DbMcusAds:53 - JSON generation date=Tue Mar 07 16:50:55 PST 2023 (1678179055114)
2023-09-23 22:17:28,639 [FATAL] Updater:308 - Updater called before beeing initialized
2023-09-23 22:17:28,715 [WARN] DetailPanel:346 - Failed to get advertising image, set to default
2023-09-23 22:17:28,840 [FATAL] Updater:308 - Updater called before beeing initialized
2023-09-23 22:17:28,843 [FATAL] Updater:308 - Updater called before beeing initialized
2023-09-23 22:17:28,843 [FATAL] Updater:308 - Updater called before beeing initialized
2023-09-23 22:17:28,843 [WARN] DetailPanel:346 - Failed to get advertising image, set to default
2023-09-23 22:17:28,845 [FATAL] Updater:308 - Updater called before beeing initialized
2023-09-23 22:17:28,948 [ERROR] Updater:1120 - MainUpdater not yet initialized. External WinMGr cannot be set.
2023-09-23 22:17:29,014 [INFO] Updater:1056 - Updater Version found : 6.9.1
2023-09-23 22:17:29,035 [INFO] ApplicationProperties:184 - Using Application install path: /Applications/STM32CubeIDE.app/Contents/Eclipse/plugins/com.st.stm32cube.common.mx_6.9.1.202307191849
2023-09-23 22:17:29,335 [INFO] MainUpdater:2868 - connection check result : 10
2023-09-23 22:17:29,336 [INFO] MainUpdater:285 - Updater Check For Update Now.
2023-09-23 22:17:29,336 [INFO] MicroXplorer:498 - Change Database Version : DB.6.0.91
2023-09-23 22:17:29,350 [INFO] McuFinderGlobals:63 - Set McuFinder mode to 2 (CubeIDE integrated)
2023-09-23 22:17:29,683 [WARN] MainUpdater:1189 - Updater busy. Cannot search thirdparties
2023-09-23 22:17:29,683 [INFO] ThirdPartyUpdaterWithRetryManager:96 - Updater plugin is busy. [1/15]
2023-09-23 22:17:29,737 [INFO] CheckServerUpdateThread:120 - End of CheckServer Thread
2023-09-23 22:17:32,957 [WARN] PackLoader:240 - Cannot read IP mode file for STMicroelectronics.X-CUBE-SMBUS.2.1.0
2023-09-23 22:17:33,052 [WARN] PackLoader:240 - Cannot read IP mode file for STMicroelectronics.X-CUBE-AZRTOS-F7.1.1.0
2023-09-23 22:17:33,106 [WARN] PackLoader:240 - Cannot read IP mode file for STMicroelectronics.FP-SNS-MOTENV1.4.3.2
2023-09-23 22:17:33,139 [WARN] PackLoader:240 - Cannot read IP mode file for STMicroelectronics.FP-SNS-FLIGHT1.5.0.2
2023-09-23 22:17:33,166 [WARN] PackLoader:240 - Cannot read IP mode file for STMicroelectronics.X-CUBE-DISPLAY.3.0.0
2023-09-23 22:17:33,209 [WARN] PackLoader:240 - Cannot read IP mode file for STMicroelectronics.X-CUBE-BLE1.7.0.0
2023-09-23 22:17:33,251 [WARN] PackLoader:240 - Cannot read IP mode file for emotas.I-CUBE-CANOPEN.1.3.0
2023-09-23 22:17:33,268 [WARN] PackLoader:240 - Cannot read IP mode file for STMicroelectronics.X-CUBE-TOUCHGFX.4.22.0
2023-09-23 22:17:33,299 [WARN] PackLoader:240 - Cannot read IP mode file for STMicroelectronics.FP-SNS-SMARTAG2.1.2.0
2023-09-23 22:17:33,352 [INFO] LogOutputStream:77 - [STDOUT_REDIRECT] 1 : Invalid condition id : UX_CORESTACK_Condition cause : null
2023-09-23 22:17:33,356 [INFO] LogOutputStream:77 - [STDOUT_REDIRECT] 1 : Invalid condition id : UX_CORESTACK_Condition cause : null
2023-09-23 22:17:33,356 [INFO] LogOutputStream:77 - [STDOUT_REDIRECT] 1 : Invalid condition id : UX_CORESTACK_Condition cause : null
2023-09-23 22:17:33,356 [INFO] LogOutputStream:77 - [STDOUT_REDIRECT] 1 : Invalid condition id : UX_CORESTACK_Condition cause : null
2023-09-23 22:17:33,357 [INFO] LogOutputStream:77 - [STDOUT_REDIRECT] 1 : Invalid condition id : UX_CORESTACK_Condition cause : null
2023-09-23 22:17:33,373 [WARN] PackLoader:240 - Cannot read IP mode file for STMicroelectronics.X-CUBE-AZRTOS-WL.2.0.0
2023-09-23 22:17:33,454 [WARN] PackLoader:240 - Cannot read IP mode file for WES.I-CUBE-Cesium.1.3.0
2023-09-23 22:17:33,474 [WARN] PackLoader:240 - Cannot read IP mode file for STMicroelectronics.X-CUBE-BLE2.3.3.0
2023-09-23 22:17:33,507 [WARN] PackLoader:240 - Cannot read IP mode file for STMicroelectronics.X-CUBE-ALGOBUILD.1.3.0
2023-09-23 22:17:33,579 [WARN] PackLoader:240 - Cannot read IP mode file for STMicroelectronics.X-CUBE-AZRTOS-G0.1.1.0
2023-09-23 22:17:33,672 [WARN] PackLoader:240 - Cannot read IP mode file for STMicroelectronics.X-CUBE-NFC4.3.0.0
2023-09-23 22:17:33,743 [WARN] PackLoader:240 - Cannot read IP mode file for STMicroelectronics.FP-ATR-SIGFOX1.3.2.0
2023-09-23 22:17:33,957 [WARN] PackLoader:240 - Cannot read IP mode file for SEGGER.I-CUBE-embOS.1.3.1
2023-09-23 22:17:34,154 [WARN] PackLoader:240 - Cannot read IP mode file for STMicroelectronics.X-CUBE-GNSS1.6.0.0
2023-09-23 22:17:34,257 [WARN] PackLoader:240 - Cannot read IP mode file for STMicroelectronics.X-CUBE-AZRTOS-F4.1.1.0
2023-09-23 22:17:34,436 [WARN] PackLoader:240 - Cannot read IP mode file for wolfSSL.I-CUBE-wolfSSL.5.6.3
2023-09-23 22:17:34,525 [WARN] PackLoader:240 - Cannot read IP mode file for STMicroelectronics.X-CUBE-AZRTOS-L5.2.0.0
2023-09-23 22:17:34,704 [WARN] PackLoader:240 - Cannot read IP mode file for STMicroelectronics.X-CUBE-MEMS1.9.6.0
2023-09-23 22:17:35,146 [WARN] PackLoader:240 - Cannot read IP mode file for STMicroelectronics.X-CUBE-BLEMGR.2.0.0
2023-09-23 22:17:35,235 [WARN] ConditionMgr:438 - getConditionDescription Invalid condition id : UX DEVICE CLASS RTOS Condition cause : null
2023-09-23 22:17:35,236 [WARN] ConditionMgr:438 - getConditionDescription Invalid condition id : UX DEVICE CLASS RTOS Condition cause : null
2023-09-23 22:17:35,248 [WARN] PackLoader:240 - Cannot read IP mode file for STMicroelectronics.X-CUBE-AZRTOS-H7.3.1.0
2023-09-23 22:17:35,253 [WARN] ConditionMgr:1039 - genDependencies : Invalid condition id : UX DEVICE CLASS RTOS Condition cause : null
2023-09-23 22:17:35,254 [WARN] ConditionMgr:1039 - genDependencies : Invalid condition id : UX DEVICE CLASS RTOS Condition cause : null
2023-09-23 22:17:35,256 [WARN] ConditionMgr:1039 - genDependencies : Invalid condition id : UX DEVICE CLASS RTOS Condition cause : null
2023-09-23 22:17:35,257 [WARN] ConditionMgr:1039 - genDependencies : Invalid condition id : UX DEVICE CLASS RTOS Condition cause : null
2023-09-23 22:17:35,257 [WARN] ConditionMgr:1039 - genDependencies : Invalid condition id : UX DEVICE CLASS RTOS Condition cause : null
2023-09-23 22:17:35,272 [WARN] PackLoader:240 - Cannot read IP mode file for STMicroelectronics.X-CUBE-NFC7.1.0.1
2023-09-23 22:17:35,309 [WARN] PackLoader:240 - Cannot read IP mode file for STMicroelectronics.X-CUBE-NFC6.3.0.0
2023-09-23 22:17:35,327 [WARN] PackLoader:240 - Cannot read IP mode file for STMicroelectronics.X-CUBE-EEPRMA1.4.1.0
2023-09-23 22:17:35,335 [WARN] PackLoader:240 - Cannot read IP mode file for STMicroelectronics.X-CUBE-AI.8.1.0
2023-09-23 22:17:35,400 [WARN] ConditionMgr:438 - getConditionDescription Invalid condition id : LAN8742 Phy interface Condition cause : null
2023-09-23 22:17:35,402 [WARN] PackLoader:240 - Cannot read IP mode file for STMicroelectronics.X-CUBE-AZRTOS-L4.2.0.0
2023-09-23 22:17:35,408 [WARN] ConditionMgr:1039 - genDependencies : Invalid condition id : LAN8742 Phy interface Condition cause : null
2023-09-23 22:17:35,409 [WARN] ConditionMgr:1039 - genDependencies : Invalid condition id : LAN8742 Phy interface Condition cause : null
2023-09-23 22:17:35,411 [WARN] ConditionMgr:1039 - genDependencies : Invalid condition id : LAN8742 Phy interface Condition cause : null
2023-09-23 22:17:35,465 [WARN] PackLoader:240 - Cannot read IP mode file for STMicroelectronics.X-CUBE-SFXS2LP1.4.0.0
2023-09-23 22:17:35,491 [WARN] PackLoader:240 - Cannot read IP mode file for STMicroelectronics.X-CUBE-ISPU.1.1.0
2023-09-23 22:17:35,516 [WARN] ConditionMgr:438 - getConditionDescription Invalid condition id : UX DEVICE CLASS RTOS Condition cause : null
2023-09-23 22:17:35,516 [WARN] ConditionMgr:438 - getConditionDescription Invalid condition id : UX DEVICE CLASS RTOS Condition cause : null
2023-09-23 22:17:35,523 [WARN] PackLoader:240 - Cannot read IP mode file for STMicroelectronics.X-CUBE-AZRTOS-WB.2.0.0
2023-09-23 22:17:35,525 [WARN] ConditionMgr:1039 - genDependencies : Invalid condition id : UX DEVICE CLASS RTOS Condition cause : null
2023-09-23 22:17:35,525 [WARN] ConditionMgr:1039 - genDependencies : Invalid condition id : UX DEVICE CLASS RTOS Condition cause : null
2023-09-23 22:17:35,527 [WARN] ConditionMgr:1039 - genDependencies : Invalid condition id : UX DEVICE CLASS RTOS Condition cause : null
2023-09-23 22:17:35,528 [WARN] ConditionMgr:1039 - genDependencies : Invalid condition id : UX DEVICE CLASS RTOS Condition cause : null
2023-09-23 22:17:35,529 [WARN] ConditionMgr:1039 - genDependencies : Invalid condition id : UX DEVICE CLASS RTOS Condition cause : null
2023-09-23 22:17:35,550 [WARN] PackLoader:240 - Cannot read IP mode file for STMicroelectronics.X-CUBE-SUBG2.5.0.0
2023-09-23 22:17:35,582 [WARN] PackLoader:240 - Cannot read IP mode file for STMicroelectronics.X-CUBE-TOF1.3.3.1
2023-09-23 22:17:35,619 [WARN] PackLoader:240 - Cannot read IP mode file for STMicroelectronics.X-CUBE-AZRTOS-G4.2.0.0
2023-09-23 22:17:35,634 [WARN] PackLoader:240 - Cannot read IP mode file for STMicroelectronics.X-CUBE-FREERTOS.1.1.0
2023-09-23 22:17:35,645 [WARN] PackLoader:240 - Cannot read IP mode file for portGmbH.I-Cube-SoM-uGOAL.1.1.0
2023-09-23 22:17:35,651 [WARN] PackLoader:240 - Cannot read IP mode file for STMicroelectronics.X-CUBE-ALS.1.0.1
2023-09-23 22:17:35,655 [WARN] PackLoader:240 - Cannot read IP mode file for STMicroelectronics.FP-ATR-ASTRA1.2.0.0
2023-09-23 22:17:35,660 [INFO] ThirdParty:978 - Integrity check success = true
2023-09-23 22:17:35,660 [INFO] IntegrityCheckThread:100 - exiting critical section [integrity check]
2023-09-23 22:17:35,660 [INFO] IntegrityCheckThread:103 - End integrity checks thread
2023-09-23 22:17:51,502 [ERROR] LogOutputStream:75 - [STDERR_REDIRECT] SLF4J: Failed to load class "org.slf4j.impl.StaticLoggerBinder".
2023-09-23 22:17:51,511 [ERROR] LogOutputStream:75 - [STDERR_REDIRECT] SLF4J: Defaulting to no-operation (NOP) logger implementation
2023-09-23 22:17:51,519 [ERROR] LogOutputStream:75 - [STDERR_REDIRECT] SLF4J: See http://www.slf4j.org/codes.html#StaticLoggerBinder for further details.
