2023-09-22 01:40:03,362 [INFO] Activator:176 - 


2023-09-22 01:40:03,373 [INFO] Activator:177 - !SESSION log4j initialized
2023-09-22 01:40:15,150 [ERROR] LogOutputStream:75 - [STDERR_REDIRECT] 
2023-09-22 01:40:16,816 [INFO] LogOutputStream:77 - [STDOUT_REDIRECT] 
2023-09-22 01:40:21,491 [INFO] LogOutputStream:77 - [STDOUT_REDIRECT] 
2023-09-22 01:40:26,775 [INFO] ApplicationProperties:184 - Using Application install path: /Applications/STM32CubeIDE.app/Contents/Eclipse/plugins/com.st.stm32cube.common.mx_6.9.1.202307191849
2023-09-22 01:40:26,802 [INFO] DbMcusXml:78 - Set database path to: /Applications/STM32CubeIDE.app/Contents/Eclipse/plugins/com.st.stm32cube.common.mx_6.9.1.202307191849//db//mcu/
2023-09-22 01:40:26,803 [INFO] ApiDb:274 - Set plugin database path to: /Applications/STM32CubeIDE.app/Contents/Eclipse/plugins/com.st.stm32cube.common.mx_6.9.1.202307191849//db//plugins/boardmanager/
2023-09-22 01:40:26,805 [WARN] ApiDb:259 - Overriding images path with different value:  => /Applications/STM32CubeIDE.app/Contents/Eclipse/plugins/com.st.stm32cube.common.mx_6.9.1.202307191849//db//plugins/mcufinder/images/
2023-09-22 01:40:26,840 [INFO] ApiDb:250 - Set database path to: /Users/arnoldbenedictganapin/.stmcufinder/plugins/mcufinder//mcu/
2023-09-22 01:40:26,842 [INFO] DbMcusAds:125 - Set database path to: /Users/arnoldbenedictganapin/.stmcufinder/plugins/mcufinder//mcu/
2023-09-22 01:40:26,845 [INFO] CrossReferenceDbSqlite:203 - Set database path to: /Users/arnoldbenedictganapin/.stmcufinder/plugins/mcufinder//mcu/cs/
2023-09-22 01:40:27,078 [INFO] RulesReader:64 - Compatibility file has been processed (293 Rules)
2023-09-22 01:40:27,178 [INFO] DbMcusXml:78 - Set database path to: /Applications/STM32CubeIDE.app/Contents/Eclipse/plugins/com.st.stm32cube.common.mx_6.9.1.202307191849//db//mcu/
2023-09-22 01:40:27,178 [INFO] ApiDb:274 - Set plugin database path to: /Applications/STM32CubeIDE.app/Contents/Eclipse/plugins/com.st.stm32cube.common.mx_6.9.1.202307191849//db//plugins/boardmanager/
2023-09-22 01:40:27,178 [INFO] ApiDb:261 - Set plugin images path to: /Applications/STM32CubeIDE.app/Contents/Eclipse/plugins/com.st.stm32cube.common.mx_6.9.1.202307191849//db//plugins/mcufinder/images/
2023-09-22 01:40:27,179 [WARN] DbFile:41 - Overriding database path with different value: /Users/arnoldbenedictganapin/.stmcufinder/plugins/mcufinder/ => /Users/arnoldbenedictganapin/.stmcufinder/plugins/mcufinder
2023-09-22 01:40:27,179 [INFO] ApiDb:250 - Set database path to: /Users/arnoldbenedictganapin/.stmcufinder/plugins/mcufinder//mcu/
2023-09-22 01:40:27,179 [WARN] DbFile:41 - Overriding database path with different value: /Users/arnoldbenedictganapin/.stmcufinder/plugins/mcufinder/ => /Users/arnoldbenedictganapin/.stmcufinder/plugins/mcufinder
2023-09-22 01:40:27,179 [INFO] DbMcusAds:125 - Set database path to: /Users/arnoldbenedictganapin/.stmcufinder/plugins/mcufinder//mcu/
2023-09-22 01:40:27,179 [WARN] DbFile:41 - Overriding database path with different value: /Users/arnoldbenedictganapin/.stmcufinder/plugins/mcufinder/ => /Users/arnoldbenedictganapin/.stmcufinder/plugins/mcufinder
2023-09-22 01:40:27,179 [WARN] DbFile:41 - Overriding database path with different value: /Users/arnoldbenedictganapin/.stmcufinder/plugins/mcufinder/ => /Users/arnoldbenedictganapin/.stmcufinder/plugins/mcufinder
2023-09-22 01:40:27,180 [INFO] CrossReferenceDbSqlite:203 - Set database path to: /Users/arnoldbenedictganapin/.stmcufinder/plugins/mcufinder//mcu/cs/
2023-09-22 01:40:27,300 [INFO] MainPanel:262 - HeapMemory: 268435456
2023-09-22 01:40:27,413 [INFO] DbMcusXml:78 - Set database path to: /Applications/STM32CubeIDE.app/Contents/Eclipse/plugins/com.st.stm32cube.common.mx_6.9.1.202307191849//db//mcu/
2023-09-22 01:40:27,413 [INFO] ApiDb:274 - Set plugin database path to: /Applications/STM32CubeIDE.app/Contents/Eclipse/plugins/com.st.stm32cube.common.mx_6.9.1.202307191849//db//plugins/boardmanager/
2023-09-22 01:40:27,413 [INFO] ApiDb:261 - Set plugin images path to: /Applications/STM32CubeIDE.app/Contents/Eclipse/plugins/com.st.stm32cube.common.mx_6.9.1.202307191849//db//plugins/mcufinder/images/
2023-09-22 01:40:27,414 [WARN] DbFile:41 - Overriding database path with different value: /Users/arnoldbenedictganapin/.stmcufinder/plugins/mcufinder/ => /Users/arnoldbenedictganapin/.stmcufinder/plugins/mcufinder
2023-09-22 01:40:27,414 [INFO] ApiDb:250 - Set database path to: /Users/arnoldbenedictganapin/.stmcufinder/plugins/mcufinder//mcu/
2023-09-22 01:40:27,414 [WARN] DbFile:41 - Overriding database path with different value: /Users/arnoldbenedictganapin/.stmcufinder/plugins/mcufinder/ => /Users/arnoldbenedictganapin/.stmcufinder/plugins/mcufinder
2023-09-22 01:40:27,414 [INFO] DbMcusAds:125 - Set database path to: /Users/arnoldbenedictganapin/.stmcufinder/plugins/mcufinder//mcu/
2023-09-22 01:40:27,414 [WARN] DbFile:41 - Overriding database path with different value: /Users/arnoldbenedictganapin/.stmcufinder/plugins/mcufinder/ => /Users/arnoldbenedictganapin/.stmcufinder/plugins/mcufinder
2023-09-22 01:40:27,414 [WARN] DbFile:41 - Overriding database path with different value: /Users/arnoldbenedictganapin/.stmcufinder/plugins/mcufinder/ => /Users/arnoldbenedictganapin/.stmcufinder/plugins/mcufinder
2023-09-22 01:40:27,414 [INFO] CrossReferenceDbSqlite:203 - Set database path to: /Users/arnoldbenedictganapin/.stmcufinder/plugins/mcufinder//mcu/cs/
2023-09-22 01:40:27,446 [INFO] ApplicationProperties:184 - Using Application install path: /Applications/STM32CubeIDE.app/Contents/Eclipse/plugins/com.st.stm32cube.common.mx_6.9.1.202307191849
2023-09-22 01:40:27,448 [INFO] PluginManage:196 - Search for loadable plugins [exclusion list=, ]
2023-09-22 01:40:27,452 [INFO] PluginManage:310 - Check plugin analytics
2023-09-22 01:40:27,881 [INFO] AnalyticsPlugin:253 - Accepted Software Licenses: 
2023-09-22 01:40:27,882 [INFO] AnalyticsPlugin:255 - Accepted CMSIS Pack Licenses: 
2023-09-22 01:40:27,882 [INFO] AnalyticsPlugin:257 - Accepted Firmware Licenses: FW.F4.1.27.0
2023-09-22 01:40:27,896 [INFO] PluginManage:359 - Loaded plugin analytics (category:tool,tabindex:-1)
2023-09-22 01:40:27,899 [INFO] PluginManage:310 - Check plugin cadmodel
2023-09-22 01:40:28,239 [INFO] CADModel:105 - Init CAD model plugin
2023-09-22 01:40:28,239 [INFO] PluginManage:359 - Loaded plugin cadmodel (category:power,tabindex:5)
2023-09-22 01:40:28,240 [INFO] PluginManage:310 - Check plugin clock
2023-09-22 01:40:28,258 [INFO] PluginManage:359 - Loaded plugin clock (category:base,tabindex:2)
2023-09-22 01:40:28,258 [INFO] PluginManage:310 - Check plugin ddr
2023-09-22 01:40:28,260 [INFO] PluginManage:359 - Loaded plugin ddr (category:tool,tabindex:6)
2023-09-22 01:40:28,260 [INFO] PluginManage:310 - Check plugin filemanager
2023-09-22 01:40:28,484 [INFO] PluginManage:359 - Loaded plugin filemanager (category:base,tabindex:10)
2023-09-22 01:40:28,484 [INFO] PluginManage:310 - Check plugin ipmanager
2023-09-22 01:40:28,496 [INFO] PluginManage:359 - Loaded plugin ipmanager (category:base,tabindex:5)
2023-09-22 01:40:28,496 [INFO] PluginManage:310 - Check plugin lpbam
2023-09-22 01:40:28,508 [INFO] PluginManage:359 - Loaded plugin lpbam (category:base,tabindex:0)
2023-09-22 01:40:28,508 [INFO] PluginManage:310 - Check plugin memorymap
2023-09-22 01:40:28,521 [INFO] PluginManage:359 - Loaded plugin memorymap (category:base,tabindex:4)
2023-09-22 01:40:28,522 [INFO] PluginManage:310 - Check plugin pinoutandconfiguration
2023-09-22 01:40:28,530 [INFO] PluginManage:359 - Loaded plugin pinoutandconfiguration (category:base,tabindex:1)
2023-09-22 01:40:28,530 [INFO] PluginManage:310 - Check plugin pinoutconfig
2023-09-22 01:40:28,673 [WARN] SupportedApi:132 - Cannot load RTOS API schema: s4s-elt-must-match.1: The content of 'definitions' must match (annotation?, (simpleType | complexType)?, (unique | key | keyref)*)). A problem was found starting at: attribute.
2023-09-22 01:40:29,016 [INFO] PluginManage:359 - Loaded plugin pinoutconfig (category:base,tabindex:0)
2023-09-22 01:40:29,016 [INFO] PluginManage:310 - Check plugin power
2023-09-22 01:40:29,067 [INFO] PluginManage:359 - Loaded plugin power (category:power,tabindex:4)
2023-09-22 01:40:29,068 [INFO] PluginManage:310 - Check plugin projectmanager
2023-09-22 01:40:29,119 [INFO] PluginManage:359 - Loaded plugin projectmanager (category:projectmanager,tabindex:3)
2023-09-22 01:40:29,120 [INFO] PluginManage:310 - Check plugin thirdparty
2023-09-22 01:40:29,394 [INFO] PluginManage:359 - Loaded plugin thirdparty (category:base,tabindex:-1)
2023-09-22 01:40:29,393 [WARN] IntegrityCheckThread:84 - waiting for thirdparty lock release [integrity check]
2023-09-22 01:40:29,395 [INFO] PluginManage:310 - Check plugin tools
2023-09-22 01:40:29,395 [INFO] IntegrityCheckThread:86 - entering critical section [integrity check]
2023-09-22 01:40:29,396 [INFO] ThirdPartyUpdaterWithRetryManager:70 - Updater plugin not ready yet. [1/15]
2023-09-22 01:40:29,401 [INFO] PluginManage:359 - Loaded plugin tools (category:base,tabindex:7)
2023-09-22 01:40:29,401 [INFO] PluginManage:310 - Check plugin tutovideos
2023-09-22 01:40:29,704 [INFO] PluginManage:359 - Loaded plugin tutovideos (category:base,tabindex:-1)
2023-09-22 01:40:29,706 [INFO] PluginManage:310 - Check plugin updater
2023-09-22 01:40:29,746 [INFO] PluginManage:359 - Loaded plugin updater (category:base,tabindex:12)
2023-09-22 01:40:29,747 [INFO] PluginManage:310 - Check plugin userauth
2023-09-22 01:40:29,759 [INFO] UserAuth:113 - Init User Auth plugin
2023-09-22 01:40:29,759 [INFO] PluginManage:359 - Loaded plugin userauth (category:base,tabindex:14)
2023-09-22 01:40:29,760 [INFO] PluginManage:283 - PluginManage : Loaded plugins [17]
2023-09-22 01:40:30,429 [INFO] PinOutPanel:1499 - setPackage(No Configuration,No Configuration)
2023-09-22 01:40:30,670 [INFO] CADModel:165 - CPN selected for project level
2023-09-22 01:40:30,671 [INFO] CADModel:114 - Register for checkConnection events
2023-09-22 01:40:30,698 [INFO] IPUIPlugin:80 - create IPUIPlugin
2023-09-22 01:40:30,699 [INFO] PluginManager:220 - loadIPPluginJar : add mdma
2023-09-22 01:40:30,710 [INFO] IPUIPlugin:80 - create IPUIPlugin
2023-09-22 01:40:30,711 [INFO] PluginManager:220 - loadIPPluginJar : add freertos
2023-09-22 01:40:30,721 [INFO] IPUIPlugin:80 - create IPUIPlugin
2023-09-22 01:40:30,722 [INFO] PluginManager:220 - loadIPPluginJar : add gic
2023-09-22 01:40:30,731 [INFO] IPUIPlugin:80 - create IPUIPlugin
2023-09-22 01:40:30,731 [INFO] PluginManager:220 - loadIPPluginJar : add adc
2023-09-22 01:40:30,734 [INFO] IPUIPlugin:80 - create IPUIPlugin
2023-09-22 01:40:30,735 [INFO] PluginManager:220 - loadIPPluginJar : add gtzc
2023-09-22 01:40:30,737 [INFO] IPUIPlugin:80 - create IPUIPlugin
2023-09-22 01:40:30,737 [INFO] PluginManager:220 - loadIPPluginJar : add quadspi
2023-09-22 01:40:30,739 [INFO] IPUIPlugin:80 - create IPUIPlugin
2023-09-22 01:40:30,739 [INFO] PluginManager:220 - loadIPPluginJar : add aes
2023-09-22 01:40:30,742 [INFO] IPUIPlugin:80 - create IPUIPlugin
2023-09-22 01:40:30,743 [INFO] PluginManager:220 - loadIPPluginJar : add pdm2pcm
2023-09-22 01:40:30,744 [INFO] IPUIPlugin:80 - create IPUIPlugin
2023-09-22 01:40:30,744 [INFO] PluginManager:220 - loadIPPluginJar : add hash
2023-09-22 01:40:30,745 [INFO] IPUIPlugin:80 - create IPUIPlugin
2023-09-22 01:40:30,745 [INFO] PluginManager:220 - loadIPPluginJar : add tim
2023-09-22 01:40:30,746 [INFO] IPUIPlugin:80 - create IPUIPlugin
2023-09-22 01:40:30,747 [INFO] PluginManager:220 - loadIPPluginJar : add tsc
2023-09-22 01:40:30,748 [INFO] IPUIPlugin:80 - create IPUIPlugin
2023-09-22 01:40:30,748 [INFO] PluginManager:220 - loadIPPluginJar : add ts
2023-09-22 01:40:30,750 [INFO] IPUIPlugin:80 - create IPUIPlugin
2023-09-22 01:40:30,750 [INFO] PluginManager:220 - loadIPPluginJar : add can
2023-09-22 01:40:30,755 [INFO] IPUIPlugin:80 - create IPUIPlugin
2023-09-22 01:40:30,756 [INFO] PluginManager:220 - loadIPPluginJar : add dma3
2023-09-22 01:40:30,759 [INFO] IPUIPlugin:80 - create IPUIPlugin
2023-09-22 01:40:30,759 [INFO] PluginManager:220 - loadIPPluginJar : add dfsdm
2023-09-22 01:40:30,761 [INFO] IPUIPlugin:80 - create IPUIPlugin
2023-09-22 01:40:30,761 [INFO] PluginManager:220 - loadIPPluginJar : add spi
2023-09-22 01:40:30,763 [INFO] IPUIPlugin:80 - create IPUIPlugin
2023-09-22 01:40:30,763 [INFO] PluginManager:220 - loadIPPluginJar : add gfxmmu
2023-09-22 01:40:30,764 [INFO] IPUIPlugin:80 - create IPUIPlugin
2023-09-22 01:40:30,765 [INFO] PluginManager:220 - loadIPPluginJar : add genericplugin
2023-09-22 01:40:30,766 [INFO] IPUIPlugin:80 - create IPUIPlugin
2023-09-22 01:40:30,766 [INFO] PluginManager:220 - loadIPPluginJar : add cryp
2023-09-22 01:40:30,770 [INFO] IPUIPlugin:80 - create IPUIPlugin
2023-09-22 01:40:30,770 [INFO] PluginManager:220 - loadIPPluginJar : add gpio
2023-09-22 01:40:30,773 [INFO] IPUIPlugin:80 - create IPUIPlugin
2023-09-22 01:40:30,773 [INFO] PluginManager:220 - loadIPPluginJar : add comp
2023-09-22 01:40:30,776 [INFO] IPUIPlugin:80 - create IPUIPlugin
2023-09-22 01:40:30,776 [INFO] PluginManager:220 - loadIPPluginJar : add tracer_emb
2023-09-22 01:40:30,780 [INFO] IPUIPlugin:80 - create IPUIPlugin
2023-09-22 01:40:30,781 [INFO] PluginManager:220 - loadIPPluginJar : add openamp
2023-09-22 01:40:30,786 [INFO] IPUIPlugin:80 - create IPUIPlugin
2023-09-22 01:40:30,786 [INFO] PluginManager:220 - loadIPPluginJar : add stm32_wpan
2023-09-22 01:40:30,794 [INFO] IPUIPlugin:80 - create IPUIPlugin
2023-09-22 01:40:30,807 [INFO] PluginManager:220 - loadIPPluginJar : add plateformsettings
2023-09-22 01:40:30,815 [INFO] IPUIPlugin:80 - create IPUIPlugin
2023-09-22 01:40:30,815 [INFO] PluginManager:220 - loadIPPluginJar : add ipddr
2023-09-22 01:40:30,819 [INFO] IPUIPlugin:80 - create IPUIPlugin
2023-09-22 01:40:30,820 [INFO] PluginManager:220 - loadIPPluginJar : add usart
2023-09-22 01:40:30,821 [INFO] IPUIPlugin:80 - create IPUIPlugin
2023-09-22 01:40:30,821 [INFO] PluginManager:220 - loadIPPluginJar : add ltdc
2023-09-22 01:40:30,827 [INFO] IPUIPlugin:80 - create IPUIPlugin
2023-09-22 01:40:30,827 [INFO] PluginManager:220 - loadIPPluginJar : add nvic
2023-09-22 01:40:30,829 [INFO] IPUIPlugin:80 - create IPUIPlugin
2023-09-22 01:40:30,829 [INFO] PluginManager:220 - loadIPPluginJar : add fatfs
2023-09-22 01:40:30,836 [INFO] IPUIPlugin:80 - create IPUIPlugin
2023-09-22 01:40:30,836 [INFO] PluginManager:220 - loadIPPluginJar : add linkedlist
2023-09-22 01:40:30,842 [INFO] IPUIPlugin:80 - create IPUIPlugin
2023-09-22 01:40:30,843 [INFO] PluginManager:220 - loadIPPluginJar : add dma
2023-09-22 01:40:30,846 [INFO] IPUIPlugin:80 - create IPUIPlugin
2023-09-22 01:40:30,846 [INFO] PluginManager:220 - loadIPPluginJar : add fmc
2023-09-22 01:40:30,848 [INFO] IPUIPlugin:80 - create IPUIPlugin
2023-09-22 01:40:30,849 [INFO] PluginManager:220 - loadIPPluginJar : add i2s
2023-09-22 01:40:30,850 [INFO] IPUIPlugin:80 - create IPUIPlugin
2023-09-22 01:40:30,850 [INFO] PluginManager:220 - loadIPPluginJar : add ucpd
2023-09-22 01:40:30,854 [INFO] IPUIPlugin:80 - create IPUIPlugin
2023-09-22 01:40:30,854 [INFO] PluginManager:220 - loadIPPluginJar : add lorawan
2023-09-22 01:40:30,860 [INFO] IPUIPlugin:80 - create IPUIPlugin
2023-09-22 01:40:30,860 [INFO] PluginManager:220 - loadIPPluginJar : add opamp
2023-09-22 01:40:30,863 [INFO] IPUIPlugin:80 - create IPUIPlugin
2023-09-22 01:40:30,863 [INFO] PluginManager:220 - loadIPPluginJar : add i3c
2023-09-22 01:40:30,866 [INFO] IPUIPlugin:80 - create IPUIPlugin
2023-09-22 01:40:30,866 [INFO] PluginManager:220 - loadIPPluginJar : add touchsensing
2023-09-22 01:40:30,868 [INFO] IPUIPlugin:80 - create IPUIPlugin
2023-09-22 01:40:30,869 [INFO] PluginManager:220 - loadIPPluginJar : add i2c
2023-09-22 01:40:30,883 [INFO] IPUIPlugin:80 - create IPUIPlugin
2023-09-22 01:40:30,884 [INFO] PluginManager:220 - loadIPPluginJar : add resmgrutility
2023-09-22 01:40:30,889 [INFO] IPUIPlugin:80 - create IPUIPlugin
2023-09-22 01:40:30,889 [INFO] PluginManager:220 - loadIPPluginJar : add sai
2023-09-22 01:40:30,891 [INFO] IPUIPlugin:80 - create IPUIPlugin
2023-09-22 01:40:30,892 [INFO] PluginManager:220 - loadIPPluginJar : add usbx
2023-09-22 01:40:31,108 [INFO] CADModel:165 - CPN selected for project level
2023-09-22 01:40:31,109 [INFO] CADModel:114 - Register for checkConnection events
2023-09-22 01:40:31,109 [FATAL] Updater:308 - Updater called before beeing initialized
2023-09-22 01:40:31,110 [ERROR] CADModel:125 - Updater not yet initialized, retry later 
2023-09-22 01:40:31,422 [INFO] CADModel:165 - CPN selected for project level
2023-09-22 01:40:31,422 [INFO] CADModel:114 - Register for checkConnection events
2023-09-22 01:40:31,422 [FATAL] Updater:308 - Updater called before beeing initialized
2023-09-22 01:40:31,422 [ERROR] CADModel:125 - Updater not yet initialized, retry later 
2023-09-22 01:40:31,426 [FATAL] Updater:308 - Updater called before beeing initialized
2023-09-22 01:40:31,646 [FATAL] Updater:308 - Updater called before beeing initialized
2023-09-22 01:40:31,661 [INFO] DbMcusAds:53 - JSON generation date=Tue Mar 07 16:50:55 PST 2023 (1678179055335)
2023-09-22 01:40:31,661 [FATAL] Updater:308 - Updater called before beeing initialized
2023-09-22 01:40:31,753 [WARN] DetailPanel:346 - Failed to get advertising image, set to default
2023-09-22 01:40:31,884 [FATAL] Updater:308 - Updater called before beeing initialized
2023-09-22 01:40:31,886 [FATAL] Updater:308 - Updater called before beeing initialized
2023-09-22 01:40:31,886 [FATAL] Updater:308 - Updater called before beeing initialized
2023-09-22 01:40:31,887 [WARN] DetailPanel:346 - Failed to get advertising image, set to default
2023-09-22 01:40:31,889 [FATAL] Updater:308 - Updater called before beeing initialized
2023-09-22 01:40:32,002 [ERROR] Updater:1120 - MainUpdater not yet initialized. External WinMGr cannot be set.
2023-09-22 01:40:32,061 [INFO] Updater:1056 - Updater Version found : 6.9.1
2023-09-22 01:40:32,082 [INFO] ApplicationProperties:184 - Using Application install path: /Applications/STM32CubeIDE.app/Contents/Eclipse/plugins/com.st.stm32cube.common.mx_6.9.1.202307191849
2023-09-22 01:40:32,402 [INFO] ThirdPartyUpdaterWithRetryManager:70 - Updater plugin not ready yet. [2/15]
2023-09-22 01:40:32,434 [INFO] MainUpdater:2868 - connection check result : 10
2023-09-22 01:40:32,435 [INFO] MainUpdater:285 - Updater Check For Update Now.
2023-09-22 01:40:32,436 [INFO] MicroXplorer:498 - Change Database Version : DB.6.0.91
2023-09-22 01:40:32,445 [INFO] McuFinderGlobals:63 - Set McuFinder mode to 2 (CubeIDE integrated)
2023-09-22 01:40:32,911 [INFO] CheckServerUpdateThread:120 - End of CheckServer Thread
2023-09-22 01:40:35,586 [WARN] PackLoader:240 - Cannot read IP mode file for STMicroelectronics.X-CUBE-SMBUS.2.1.0
2023-09-22 01:40:35,667 [WARN] PackLoader:240 - Cannot read IP mode file for STMicroelectronics.X-CUBE-AZRTOS-F7.1.1.0
2023-09-22 01:40:35,734 [WARN] PackLoader:240 - Cannot read IP mode file for STMicroelectronics.FP-SNS-MOTENV1.4.3.2
2023-09-22 01:40:35,774 [WARN] PackLoader:240 - Cannot read IP mode file for STMicroelectronics.FP-SNS-FLIGHT1.5.0.2
2023-09-22 01:40:35,822 [WARN] PackLoader:240 - Cannot read IP mode file for STMicroelectronics.X-CUBE-DISPLAY.3.0.0
2023-09-22 01:40:35,893 [WARN] PackLoader:240 - Cannot read IP mode file for STMicroelectronics.X-CUBE-BLE1.7.0.0
2023-09-22 01:40:35,964 [WARN] PackLoader:240 - Cannot read IP mode file for emotas.I-CUBE-CANOPEN.1.3.0
2023-09-22 01:40:35,989 [WARN] PackLoader:240 - Cannot read IP mode file for STMicroelectronics.X-CUBE-TOUCHGFX.4.22.0
2023-09-22 01:40:36,040 [WARN] PackLoader:240 - Cannot read IP mode file for STMicroelectronics.FP-SNS-SMARTAG2.1.2.0
2023-09-22 01:40:36,088 [INFO] LogOutputStream:77 - [STDOUT_REDIRECT] 1 : Invalid condition id : UX_CORESTACK_Condition cause : null
2023-09-22 01:40:36,092 [INFO] LogOutputStream:77 - [STDOUT_REDIRECT] 1 : Invalid condition id : UX_CORESTACK_Condition cause : null
2023-09-22 01:40:36,093 [INFO] LogOutputStream:77 - [STDOUT_REDIRECT] 1 : Invalid condition id : UX_CORESTACK_Condition cause : null
2023-09-22 01:40:36,093 [INFO] LogOutputStream:77 - [STDOUT_REDIRECT] 1 : Invalid condition id : UX_CORESTACK_Condition cause : null
2023-09-22 01:40:36,093 [INFO] LogOutputStream:77 - [STDOUT_REDIRECT] 1 : Invalid condition id : UX_CORESTACK_Condition cause : null
2023-09-22 01:40:36,127 [WARN] PackLoader:240 - Cannot read IP mode file for STMicroelectronics.X-CUBE-AZRTOS-WL.2.0.0
2023-09-22 01:40:36,286 [WARN] PackLoader:240 - Cannot read IP mode file for WES.I-CUBE-Cesium.1.3.0
2023-09-22 01:40:36,328 [WARN] PackLoader:240 - Cannot read IP mode file for STMicroelectronics.X-CUBE-BLE2.3.3.0
2023-09-22 01:40:36,362 [WARN] PackLoader:240 - Cannot read IP mode file for STMicroelectronics.X-CUBE-ALGOBUILD.1.3.0
2023-09-22 01:40:36,472 [WARN] PackLoader:240 - Cannot read IP mode file for STMicroelectronics.X-CUBE-AZRTOS-G0.1.1.0
2023-09-22 01:40:36,518 [WARN] PackLoader:240 - Cannot read IP mode file for STMicroelectronics.X-CUBE-NFC4.3.0.0
2023-09-22 01:40:36,573 [WARN] PackLoader:240 - Cannot read IP mode file for STMicroelectronics.FP-ATR-SIGFOX1.3.2.0
2023-09-22 01:40:36,816 [WARN] PackLoader:240 - Cannot read IP mode file for SEGGER.I-CUBE-embOS.1.3.1
2023-09-22 01:40:37,100 [WARN] PackLoader:240 - Cannot read IP mode file for STMicroelectronics.X-CUBE-GNSS1.6.0.0
2023-09-22 01:40:37,180 [WARN] PackLoader:240 - Cannot read IP mode file for STMicroelectronics.X-CUBE-AZRTOS-F4.1.1.0
2023-09-22 01:40:37,218 [WARN] PackLoader:240 - Cannot read IP mode file for wolfSSL.I-CUBE-wolfSSL.5.6.3
2023-09-22 01:40:37,313 [WARN] PackLoader:240 - Cannot read IP mode file for STMicroelectronics.X-CUBE-AZRTOS-L5.2.0.0
2023-09-22 01:40:37,575 [WARN] PackLoader:240 - Cannot read IP mode file for STMicroelectronics.X-CUBE-MEMS1.9.6.0
2023-09-22 01:40:37,897 [WARN] PackLoader:240 - Cannot read IP mode file for STMicroelectronics.X-CUBE-BLEMGR.2.0.0
2023-09-22 01:40:38,007 [WARN] ConditionMgr:438 - getConditionDescription Invalid condition id : UX DEVICE CLASS RTOS Condition cause : null
2023-09-22 01:40:38,008 [WARN] ConditionMgr:438 - getConditionDescription Invalid condition id : UX DEVICE CLASS RTOS Condition cause : null
2023-09-22 01:40:38,020 [WARN] PackLoader:240 - Cannot read IP mode file for STMicroelectronics.X-CUBE-AZRTOS-H7.3.1.0
2023-09-22 01:40:38,025 [WARN] ConditionMgr:1039 - genDependencies : Invalid condition id : UX DEVICE CLASS RTOS Condition cause : null
2023-09-22 01:40:38,025 [WARN] ConditionMgr:1039 - genDependencies : Invalid condition id : UX DEVICE CLASS RTOS Condition cause : null
2023-09-22 01:40:38,027 [WARN] ConditionMgr:1039 - genDependencies : Invalid condition id : UX DEVICE CLASS RTOS Condition cause : null
2023-09-22 01:40:38,029 [WARN] ConditionMgr:1039 - genDependencies : Invalid condition id : UX DEVICE CLASS RTOS Condition cause : null
2023-09-22 01:40:38,029 [WARN] ConditionMgr:1039 - genDependencies : Invalid condition id : UX DEVICE CLASS RTOS Condition cause : null
2023-09-22 01:40:38,051 [WARN] PackLoader:240 - Cannot read IP mode file for STMicroelectronics.X-CUBE-NFC7.1.0.1
2023-09-22 01:40:38,085 [WARN] PackLoader:240 - Cannot read IP mode file for STMicroelectronics.X-CUBE-NFC6.3.0.0
2023-09-22 01:40:38,127 [WARN] PackLoader:240 - Cannot read IP mode file for STMicroelectronics.X-CUBE-EEPRMA1.4.1.0
2023-09-22 01:40:38,151 [WARN] PackLoader:240 - Cannot read IP mode file for STMicroelectronics.X-CUBE-AI.8.1.0
2023-09-22 01:40:38,220 [WARN] ConditionMgr:438 - getConditionDescription Invalid condition id : LAN8742 Phy interface Condition cause : null
2023-09-22 01:40:38,224 [WARN] PackLoader:240 - Cannot read IP mode file for STMicroelectronics.X-CUBE-AZRTOS-L4.2.0.0
2023-09-22 01:40:38,231 [WARN] ConditionMgr:1039 - genDependencies : Invalid condition id : LAN8742 Phy interface Condition cause : null
2023-09-22 01:40:38,232 [WARN] ConditionMgr:1039 - genDependencies : Invalid condition id : LAN8742 Phy interface Condition cause : null
2023-09-22 01:40:38,235 [WARN] ConditionMgr:1039 - genDependencies : Invalid condition id : LAN8742 Phy interface Condition cause : null
2023-09-22 01:40:38,312 [WARN] PackLoader:240 - Cannot read IP mode file for STMicroelectronics.X-CUBE-SFXS2LP1.4.0.0
2023-09-22 01:40:38,340 [WARN] PackLoader:240 - Cannot read IP mode file for STMicroelectronics.X-CUBE-ISPU.1.1.0
2023-09-22 01:40:38,405 [WARN] ConditionMgr:438 - getConditionDescription Invalid condition id : UX DEVICE CLASS RTOS Condition cause : null
2023-09-22 01:40:38,407 [WARN] ConditionMgr:438 - getConditionDescription Invalid condition id : UX DEVICE CLASS RTOS Condition cause : null
2023-09-22 01:40:38,417 [WARN] PackLoader:240 - Cannot read IP mode file for STMicroelectronics.X-CUBE-AZRTOS-WB.2.0.0
2023-09-22 01:40:38,439 [WARN] ConditionMgr:1039 - genDependencies : Invalid condition id : UX DEVICE CLASS RTOS Condition cause : null
2023-09-22 01:40:38,440 [WARN] ConditionMgr:1039 - genDependencies : Invalid condition id : UX DEVICE CLASS RTOS Condition cause : null
2023-09-22 01:40:38,460 [WARN] ConditionMgr:1039 - genDependencies : Invalid condition id : UX DEVICE CLASS RTOS Condition cause : null
2023-09-22 01:40:38,463 [WARN] ConditionMgr:1039 - genDependencies : Invalid condition id : UX DEVICE CLASS RTOS Condition cause : null
2023-09-22 01:40:38,463 [WARN] ConditionMgr:1039 - genDependencies : Invalid condition id : UX DEVICE CLASS RTOS Condition cause : null
2023-09-22 01:40:38,683 [WARN] PackLoader:240 - Cannot read IP mode file for STMicroelectronics.X-CUBE-SUBG2.5.0.0
2023-09-22 01:40:38,748 [WARN] PackLoader:240 - Cannot read IP mode file for STMicroelectronics.X-CUBE-TOF1.3.3.1
2023-09-22 01:40:38,798 [WARN] PackLoader:240 - Cannot read IP mode file for STMicroelectronics.X-CUBE-AZRTOS-G4.2.0.0
2023-09-22 01:40:38,818 [WARN] PackLoader:240 - Cannot read IP mode file for STMicroelectronics.X-CUBE-FREERTOS.1.1.0
2023-09-22 01:40:38,829 [WARN] PackLoader:240 - Cannot read IP mode file for portGmbH.I-Cube-SoM-uGOAL.1.1.0
2023-09-22 01:40:38,837 [WARN] PackLoader:240 - Cannot read IP mode file for STMicroelectronics.X-CUBE-ALS.1.0.1
2023-09-22 01:40:38,842 [WARN] PackLoader:240 - Cannot read IP mode file for STMicroelectronics.FP-ATR-ASTRA1.2.0.0
2023-09-22 01:40:38,855 [INFO] ThirdParty:978 - Integrity check success = true
2023-09-22 01:40:38,855 [INFO] IntegrityCheckThread:100 - exiting critical section [integrity check]
2023-09-22 01:40:38,855 [INFO] IntegrityCheckThread:103 - End integrity checks thread
2023-09-22 01:40:53,689 [ERROR] LogOutputStream:75 - [STDERR_REDIRECT] SLF4J: Failed to load class "org.slf4j.impl.StaticLoggerBinder".
2023-09-22 01:40:53,691 [ERROR] LogOutputStream:75 - [STDERR_REDIRECT] SLF4J: Defaulting to no-operation (NOP) logger implementation
2023-09-22 01:40:53,691 [ERROR] LogOutputStream:75 - [STDERR_REDIRECT] SLF4J: See http://www.slf4j.org/codes.html#StaticLoggerBinder for further details.
2023-09-22 01:43:05,910 [INFO] Activator:176 - 


2023-09-22 01:43:05,914 [INFO] Activator:177 - !SESSION log4j initialized
2023-09-22 01:43:20,066 [ERROR] LogOutputStream:75 - [STDERR_REDIRECT] 
2023-09-22 01:43:22,832 [INFO] LogOutputStream:77 - [STDOUT_REDIRECT] 
2023-09-22 01:43:26,727 [INFO] LogOutputStream:77 - [STDOUT_REDIRECT] 
2023-09-22 01:43:31,622 [INFO] ApplicationProperties:184 - Using Application install path: /Applications/STM32CubeIDE.app/Contents/Eclipse/plugins/com.st.stm32cube.common.mx_6.9.1.202307191849
2023-09-22 01:43:31,664 [INFO] DbMcusXml:78 - Set database path to: /Applications/STM32CubeIDE.app/Contents/Eclipse/plugins/com.st.stm32cube.common.mx_6.9.1.202307191849//db//mcu/
2023-09-22 01:43:31,664 [INFO] ApiDb:274 - Set plugin database path to: /Applications/STM32CubeIDE.app/Contents/Eclipse/plugins/com.st.stm32cube.common.mx_6.9.1.202307191849//db//plugins/boardmanager/
2023-09-22 01:43:31,665 [WARN] ApiDb:259 - Overriding images path with different value:  => /Applications/STM32CubeIDE.app/Contents/Eclipse/plugins/com.st.stm32cube.common.mx_6.9.1.202307191849//db//plugins/mcufinder/images/
2023-09-22 01:43:31,707 [INFO] ApiDb:250 - Set database path to: /Users/arnoldbenedictganapin/.stmcufinder/plugins/mcufinder//mcu/
2023-09-22 01:43:31,709 [INFO] DbMcusAds:125 - Set database path to: /Users/arnoldbenedictganapin/.stmcufinder/plugins/mcufinder//mcu/
2023-09-22 01:43:31,713 [INFO] CrossReferenceDbSqlite:203 - Set database path to: /Users/arnoldbenedictganapin/.stmcufinder/plugins/mcufinder//mcu/cs/
2023-09-22 01:43:32,055 [INFO] RulesReader:64 - Compatibility file has been processed (293 Rules)
2023-09-22 01:43:32,158 [INFO] DbMcusXml:78 - Set database path to: /Applications/STM32CubeIDE.app/Contents/Eclipse/plugins/com.st.stm32cube.common.mx_6.9.1.202307191849//db//mcu/
2023-09-22 01:43:32,158 [INFO] ApiDb:274 - Set plugin database path to: /Applications/STM32CubeIDE.app/Contents/Eclipse/plugins/com.st.stm32cube.common.mx_6.9.1.202307191849//db//plugins/boardmanager/
2023-09-22 01:43:32,158 [INFO] ApiDb:261 - Set plugin images path to: /Applications/STM32CubeIDE.app/Contents/Eclipse/plugins/com.st.stm32cube.common.mx_6.9.1.202307191849//db//plugins/mcufinder/images/
2023-09-22 01:43:32,159 [WARN] DbFile:41 - Overriding database path with different value: /Users/arnoldbenedictganapin/.stmcufinder/plugins/mcufinder/ => /Users/arnoldbenedictganapin/.stmcufinder/plugins/mcufinder
2023-09-22 01:43:32,159 [INFO] ApiDb:250 - Set database path to: /Users/arnoldbenedictganapin/.stmcufinder/plugins/mcufinder//mcu/
2023-09-22 01:43:32,159 [WARN] DbFile:41 - Overriding database path with different value: /Users/arnoldbenedictganapin/.stmcufinder/plugins/mcufinder/ => /Users/arnoldbenedictganapin/.stmcufinder/plugins/mcufinder
2023-09-22 01:43:32,159 [INFO] DbMcusAds:125 - Set database path to: /Users/arnoldbenedictganapin/.stmcufinder/plugins/mcufinder//mcu/
2023-09-22 01:43:32,159 [WARN] DbFile:41 - Overriding database path with different value: /Users/arnoldbenedictganapin/.stmcufinder/plugins/mcufinder/ => /Users/arnoldbenedictganapin/.stmcufinder/plugins/mcufinder
2023-09-22 01:43:32,159 [WARN] DbFile:41 - Overriding database path with different value: /Users/arnoldbenedictganapin/.stmcufinder/plugins/mcufinder/ => /Users/arnoldbenedictganapin/.stmcufinder/plugins/mcufinder
2023-09-22 01:43:32,159 [INFO] CrossReferenceDbSqlite:203 - Set database path to: /Users/arnoldbenedictganapin/.stmcufinder/plugins/mcufinder//mcu/cs/
2023-09-22 01:43:32,278 [INFO] MainPanel:262 - HeapMemory: 268435456
2023-09-22 01:43:32,409 [INFO] DbMcusXml:78 - Set database path to: /Applications/STM32CubeIDE.app/Contents/Eclipse/plugins/com.st.stm32cube.common.mx_6.9.1.202307191849//db//mcu/
2023-09-22 01:43:32,409 [INFO] ApiDb:274 - Set plugin database path to: /Applications/STM32CubeIDE.app/Contents/Eclipse/plugins/com.st.stm32cube.common.mx_6.9.1.202307191849//db//plugins/boardmanager/
2023-09-22 01:43:32,409 [INFO] ApiDb:261 - Set plugin images path to: /Applications/STM32CubeIDE.app/Contents/Eclipse/plugins/com.st.stm32cube.common.mx_6.9.1.202307191849//db//plugins/mcufinder/images/
2023-09-22 01:43:32,410 [WARN] DbFile:41 - Overriding database path with different value: /Users/arnoldbenedictganapin/.stmcufinder/plugins/mcufinder/ => /Users/arnoldbenedictganapin/.stmcufinder/plugins/mcufinder
2023-09-22 01:43:32,410 [INFO] ApiDb:250 - Set database path to: /Users/arnoldbenedictganapin/.stmcufinder/plugins/mcufinder//mcu/
2023-09-22 01:43:32,410 [WARN] DbFile:41 - Overriding database path with different value: /Users/arnoldbenedictganapin/.stmcufinder/plugins/mcufinder/ => /Users/arnoldbenedictganapin/.stmcufinder/plugins/mcufinder
2023-09-22 01:43:32,410 [INFO] DbMcusAds:125 - Set database path to: /Users/arnoldbenedictganapin/.stmcufinder/plugins/mcufinder//mcu/
2023-09-22 01:43:32,410 [WARN] DbFile:41 - Overriding database path with different value: /Users/arnoldbenedictganapin/.stmcufinder/plugins/mcufinder/ => /Users/arnoldbenedictganapin/.stmcufinder/plugins/mcufinder
2023-09-22 01:43:32,411 [WARN] DbFile:41 - Overriding database path with different value: /Users/arnoldbenedictganapin/.stmcufinder/plugins/mcufinder/ => /Users/arnoldbenedictganapin/.stmcufinder/plugins/mcufinder
2023-09-22 01:43:32,411 [INFO] CrossReferenceDbSqlite:203 - Set database path to: /Users/arnoldbenedictganapin/.stmcufinder/plugins/mcufinder//mcu/cs/
2023-09-22 01:43:32,439 [INFO] ApplicationProperties:184 - Using Application install path: /Applications/STM32CubeIDE.app/Contents/Eclipse/plugins/com.st.stm32cube.common.mx_6.9.1.202307191849
2023-09-22 01:43:32,440 [INFO] PluginManage:196 - Search for loadable plugins [exclusion list=, ]
2023-09-22 01:43:32,443 [INFO] PluginManage:310 - Check plugin analytics
2023-09-22 01:43:32,853 [INFO] AnalyticsPlugin:253 - Accepted Software Licenses: 
2023-09-22 01:43:32,853 [INFO] AnalyticsPlugin:255 - Accepted CMSIS Pack Licenses: 
2023-09-22 01:43:32,854 [INFO] AnalyticsPlugin:257 - Accepted Firmware Licenses: FW.F4.1.27.0
2023-09-22 01:43:32,868 [INFO] PluginManage:359 - Loaded plugin analytics (category:tool,tabindex:-1)
2023-09-22 01:43:32,871 [INFO] PluginManage:310 - Check plugin cadmodel
2023-09-22 01:43:33,181 [INFO] CADModel:105 - Init CAD model plugin
2023-09-22 01:43:33,182 [INFO] PluginManage:359 - Loaded plugin cadmodel (category:power,tabindex:5)
2023-09-22 01:43:33,182 [INFO] PluginManage:310 - Check plugin clock
2023-09-22 01:43:33,199 [INFO] PluginManage:359 - Loaded plugin clock (category:base,tabindex:2)
2023-09-22 01:43:33,199 [INFO] PluginManage:310 - Check plugin ddr
2023-09-22 01:43:33,202 [INFO] PluginManage:359 - Loaded plugin ddr (category:tool,tabindex:6)
2023-09-22 01:43:33,203 [INFO] PluginManage:310 - Check plugin filemanager
2023-09-22 01:43:33,420 [INFO] PluginManage:359 - Loaded plugin filemanager (category:base,tabindex:10)
2023-09-22 01:43:33,421 [INFO] PluginManage:310 - Check plugin ipmanager
2023-09-22 01:43:33,431 [INFO] PluginManage:359 - Loaded plugin ipmanager (category:base,tabindex:5)
2023-09-22 01:43:33,431 [INFO] PluginManage:310 - Check plugin lpbam
2023-09-22 01:43:33,444 [INFO] PluginManage:359 - Loaded plugin lpbam (category:base,tabindex:0)
2023-09-22 01:43:33,444 [INFO] PluginManage:310 - Check plugin memorymap
2023-09-22 01:43:33,462 [INFO] PluginManage:359 - Loaded plugin memorymap (category:base,tabindex:4)
2023-09-22 01:43:33,462 [INFO] PluginManage:310 - Check plugin pinoutandconfiguration
2023-09-22 01:43:33,471 [INFO] PluginManage:359 - Loaded plugin pinoutandconfiguration (category:base,tabindex:1)
2023-09-22 01:43:33,471 [INFO] PluginManage:310 - Check plugin pinoutconfig
2023-09-22 01:43:33,604 [WARN] SupportedApi:132 - Cannot load RTOS API schema: s4s-elt-must-match.1: The content of 'definitions' must match (annotation?, (simpleType | complexType)?, (unique | key | keyref)*)). A problem was found starting at: attribute.
2023-09-22 01:43:33,976 [INFO] PluginManage:359 - Loaded plugin pinoutconfig (category:base,tabindex:0)
2023-09-22 01:43:33,977 [INFO] PluginManage:310 - Check plugin power
2023-09-22 01:43:34,004 [INFO] PluginManage:359 - Loaded plugin power (category:power,tabindex:4)
2023-09-22 01:43:34,005 [INFO] PluginManage:310 - Check plugin projectmanager
2023-09-22 01:43:34,055 [INFO] PluginManage:359 - Loaded plugin projectmanager (category:projectmanager,tabindex:3)
2023-09-22 01:43:34,055 [INFO] PluginManage:310 - Check plugin thirdparty
2023-09-22 01:43:34,389 [INFO] PluginManage:359 - Loaded plugin thirdparty (category:base,tabindex:-1)
2023-09-22 01:43:34,389 [WARN] IntegrityCheckThread:84 - waiting for thirdparty lock release [integrity check]
2023-09-22 01:43:34,389 [INFO] PluginManage:310 - Check plugin tools
2023-09-22 01:43:34,389 [INFO] IntegrityCheckThread:86 - entering critical section [integrity check]
2023-09-22 01:43:34,390 [INFO] ThirdPartyUpdaterWithRetryManager:70 - Updater plugin not ready yet. [1/15]
2023-09-22 01:43:34,395 [INFO] PluginManage:359 - Loaded plugin tools (category:base,tabindex:7)
2023-09-22 01:43:34,396 [INFO] PluginManage:310 - Check plugin tutovideos
2023-09-22 01:43:35,011 [INFO] PluginManage:359 - Loaded plugin tutovideos (category:base,tabindex:-1)
2023-09-22 01:43:35,015 [INFO] PluginManage:310 - Check plugin updater
2023-09-22 01:43:35,089 [INFO] PluginManage:359 - Loaded plugin updater (category:base,tabindex:12)
2023-09-22 01:43:35,090 [INFO] PluginManage:310 - Check plugin userauth
2023-09-22 01:43:35,110 [INFO] UserAuth:113 - Init User Auth plugin
2023-09-22 01:43:35,111 [INFO] PluginManage:359 - Loaded plugin userauth (category:base,tabindex:14)
2023-09-22 01:43:35,114 [INFO] PluginManage:283 - PluginManage : Loaded plugins [17]
2023-09-22 01:43:35,599 [INFO] PinOutPanel:1499 - setPackage(No Configuration,No Configuration)
2023-09-22 01:43:35,881 [INFO] CADModel:165 - CPN selected for project level
2023-09-22 01:43:35,885 [INFO] CADModel:114 - Register for checkConnection events
2023-09-22 01:43:35,929 [INFO] IPUIPlugin:80 - create IPUIPlugin
2023-09-22 01:43:35,930 [INFO] PluginManager:220 - loadIPPluginJar : add mdma
2023-09-22 01:43:35,939 [INFO] IPUIPlugin:80 - create IPUIPlugin
2023-09-22 01:43:35,942 [INFO] PluginManager:220 - loadIPPluginJar : add freertos
2023-09-22 01:43:35,955 [INFO] IPUIPlugin:80 - create IPUIPlugin
2023-09-22 01:43:35,957 [INFO] PluginManager:220 - loadIPPluginJar : add gic
2023-09-22 01:43:35,993 [INFO] IPUIPlugin:80 - create IPUIPlugin
2023-09-22 01:43:35,994 [INFO] PluginManager:220 - loadIPPluginJar : add adc
2023-09-22 01:43:36,011 [INFO] IPUIPlugin:80 - create IPUIPlugin
2023-09-22 01:43:36,012 [INFO] PluginManager:220 - loadIPPluginJar : add gtzc
2023-09-22 01:43:36,018 [INFO] IPUIPlugin:80 - create IPUIPlugin
2023-09-22 01:43:36,018 [INFO] PluginManager:220 - loadIPPluginJar : add quadspi
2023-09-22 01:43:36,023 [INFO] IPUIPlugin:80 - create IPUIPlugin
2023-09-22 01:43:36,023 [INFO] PluginManager:220 - loadIPPluginJar : add aes
2023-09-22 01:43:36,029 [INFO] IPUIPlugin:80 - create IPUIPlugin
2023-09-22 01:43:36,030 [INFO] PluginManager:220 - loadIPPluginJar : add pdm2pcm
2023-09-22 01:43:36,036 [INFO] IPUIPlugin:80 - create IPUIPlugin
2023-09-22 01:43:36,037 [INFO] PluginManager:220 - loadIPPluginJar : add hash
2023-09-22 01:43:36,044 [INFO] IPUIPlugin:80 - create IPUIPlugin
2023-09-22 01:43:36,044 [INFO] PluginManager:220 - loadIPPluginJar : add tim
2023-09-22 01:43:36,047 [INFO] IPUIPlugin:80 - create IPUIPlugin
2023-09-22 01:43:36,047 [INFO] PluginManager:220 - loadIPPluginJar : add tsc
2023-09-22 01:43:36,049 [INFO] IPUIPlugin:80 - create IPUIPlugin
2023-09-22 01:43:36,049 [INFO] PluginManager:220 - loadIPPluginJar : add ts
2023-09-22 01:43:36,052 [INFO] IPUIPlugin:80 - create IPUIPlugin
2023-09-22 01:43:36,053 [INFO] PluginManager:220 - loadIPPluginJar : add can
2023-09-22 01:43:36,057 [INFO] IPUIPlugin:80 - create IPUIPlugin
2023-09-22 01:43:36,057 [INFO] PluginManager:220 - loadIPPluginJar : add dma3
2023-09-22 01:43:36,062 [INFO] IPUIPlugin:80 - create IPUIPlugin
2023-09-22 01:43:36,062 [INFO] PluginManager:220 - loadIPPluginJar : add dfsdm
2023-09-22 01:43:36,064 [INFO] IPUIPlugin:80 - create IPUIPlugin
2023-09-22 01:43:36,064 [INFO] PluginManager:220 - loadIPPluginJar : add spi
2023-09-22 01:43:36,066 [INFO] IPUIPlugin:80 - create IPUIPlugin
2023-09-22 01:43:36,066 [INFO] PluginManager:220 - loadIPPluginJar : add gfxmmu
2023-09-22 01:43:36,068 [INFO] IPUIPlugin:80 - create IPUIPlugin
2023-09-22 01:43:36,068 [INFO] PluginManager:220 - loadIPPluginJar : add genericplugin
2023-09-22 01:43:36,071 [INFO] IPUIPlugin:80 - create IPUIPlugin
2023-09-22 01:43:36,071 [INFO] PluginManager:220 - loadIPPluginJar : add cryp
2023-09-22 01:43:36,074 [INFO] IPUIPlugin:80 - create IPUIPlugin
2023-09-22 01:43:36,075 [INFO] PluginManager:220 - loadIPPluginJar : add gpio
2023-09-22 01:43:36,076 [INFO] IPUIPlugin:80 - create IPUIPlugin
2023-09-22 01:43:36,076 [INFO] PluginManager:220 - loadIPPluginJar : add comp
2023-09-22 01:43:36,080 [INFO] IPUIPlugin:80 - create IPUIPlugin
2023-09-22 01:43:36,081 [INFO] PluginManager:220 - loadIPPluginJar : add tracer_emb
2023-09-22 01:43:36,085 [INFO] IPUIPlugin:80 - create IPUIPlugin
2023-09-22 01:43:36,086 [INFO] PluginManager:220 - loadIPPluginJar : add openamp
2023-09-22 01:43:36,092 [INFO] IPUIPlugin:80 - create IPUIPlugin
2023-09-22 01:43:36,093 [INFO] PluginManager:220 - loadIPPluginJar : add stm32_wpan
2023-09-22 01:43:36,099 [INFO] IPUIPlugin:80 - create IPUIPlugin
2023-09-22 01:43:36,209 [INFO] PluginManager:220 - loadIPPluginJar : add plateformsettings
2023-09-22 01:43:36,214 [INFO] IPUIPlugin:80 - create IPUIPlugin
2023-09-22 01:43:36,214 [INFO] PluginManager:220 - loadIPPluginJar : add ipddr
2023-09-22 01:43:36,217 [INFO] IPUIPlugin:80 - create IPUIPlugin
2023-09-22 01:43:36,218 [INFO] PluginManager:220 - loadIPPluginJar : add usart
2023-09-22 01:43:36,219 [INFO] IPUIPlugin:80 - create IPUIPlugin
2023-09-22 01:43:36,219 [INFO] PluginManager:220 - loadIPPluginJar : add ltdc
2023-09-22 01:43:36,224 [INFO] IPUIPlugin:80 - create IPUIPlugin
2023-09-22 01:43:36,224 [INFO] PluginManager:220 - loadIPPluginJar : add nvic
2023-09-22 01:43:36,225 [INFO] IPUIPlugin:80 - create IPUIPlugin
2023-09-22 01:43:36,225 [INFO] PluginManager:220 - loadIPPluginJar : add fatfs
2023-09-22 01:43:36,232 [INFO] IPUIPlugin:80 - create IPUIPlugin
2023-09-22 01:43:36,232 [INFO] PluginManager:220 - loadIPPluginJar : add linkedlist
2023-09-22 01:43:36,237 [INFO] IPUIPlugin:80 - create IPUIPlugin
2023-09-22 01:43:36,237 [INFO] PluginManager:220 - loadIPPluginJar : add dma
2023-09-22 01:43:36,241 [INFO] IPUIPlugin:80 - create IPUIPlugin
2023-09-22 01:43:36,241 [INFO] PluginManager:220 - loadIPPluginJar : add fmc
2023-09-22 01:43:36,243 [INFO] IPUIPlugin:80 - create IPUIPlugin
2023-09-22 01:43:36,243 [INFO] PluginManager:220 - loadIPPluginJar : add i2s
2023-09-22 01:43:36,245 [INFO] IPUIPlugin:80 - create IPUIPlugin
2023-09-22 01:43:36,245 [INFO] PluginManager:220 - loadIPPluginJar : add ucpd
2023-09-22 01:43:36,248 [INFO] IPUIPlugin:80 - create IPUIPlugin
2023-09-22 01:43:36,248 [INFO] PluginManager:220 - loadIPPluginJar : add lorawan
2023-09-22 01:43:36,251 [INFO] IPUIPlugin:80 - create IPUIPlugin
2023-09-22 01:43:36,251 [INFO] PluginManager:220 - loadIPPluginJar : add opamp
2023-09-22 01:43:36,257 [INFO] IPUIPlugin:80 - create IPUIPlugin
2023-09-22 01:43:36,257 [INFO] PluginManager:220 - loadIPPluginJar : add i3c
2023-09-22 01:43:36,261 [INFO] IPUIPlugin:80 - create IPUIPlugin
2023-09-22 01:43:36,261 [INFO] PluginManager:220 - loadIPPluginJar : add touchsensing
2023-09-22 01:43:36,263 [INFO] IPUIPlugin:80 - create IPUIPlugin
2023-09-22 01:43:36,263 [INFO] PluginManager:220 - loadIPPluginJar : add i2c
2023-09-22 01:43:36,266 [INFO] IPUIPlugin:80 - create IPUIPlugin
2023-09-22 01:43:36,267 [INFO] PluginManager:220 - loadIPPluginJar : add resmgrutility
2023-09-22 01:43:36,272 [INFO] IPUIPlugin:80 - create IPUIPlugin
2023-09-22 01:43:36,272 [INFO] PluginManager:220 - loadIPPluginJar : add sai
2023-09-22 01:43:36,279 [INFO] IPUIPlugin:80 - create IPUIPlugin
2023-09-22 01:43:36,280 [INFO] PluginManager:220 - loadIPPluginJar : add usbx
2023-09-22 01:43:36,451 [INFO] CADModel:165 - CPN selected for project level
2023-09-22 01:43:36,452 [INFO] CADModel:114 - Register for checkConnection events
2023-09-22 01:43:36,454 [FATAL] Updater:308 - Updater called before beeing initialized
2023-09-22 01:43:36,454 [ERROR] CADModel:125 - Updater not yet initialized, retry later 
2023-09-22 01:43:36,783 [INFO] CADModel:165 - CPN selected for project level
2023-09-22 01:43:36,784 [INFO] CADModel:114 - Register for checkConnection events
2023-09-22 01:43:36,785 [FATAL] Updater:308 - Updater called before beeing initialized
2023-09-22 01:43:36,785 [ERROR] CADModel:125 - Updater not yet initialized, retry later 
2023-09-22 01:43:36,791 [FATAL] Updater:308 - Updater called before beeing initialized
2023-09-22 01:43:37,030 [FATAL] Updater:308 - Updater called before beeing initialized
2023-09-22 01:43:37,047 [INFO] DbMcusAds:53 - JSON generation date=Tue Mar 07 16:50:55 PST 2023 (1678179055335)
2023-09-22 01:43:37,048 [FATAL] Updater:308 - Updater called before beeing initialized
2023-09-22 01:43:37,131 [WARN] DetailPanel:346 - Failed to get advertising image, set to default
2023-09-22 01:43:37,273 [FATAL] Updater:308 - Updater called before beeing initialized
2023-09-22 01:43:37,275 [FATAL] Updater:308 - Updater called before beeing initialized
2023-09-22 01:43:37,275 [FATAL] Updater:308 - Updater called before beeing initialized
2023-09-22 01:43:37,275 [WARN] DetailPanel:346 - Failed to get advertising image, set to default
2023-09-22 01:43:37,276 [FATAL] Updater:308 - Updater called before beeing initialized
2023-09-22 01:43:37,365 [ERROR] Updater:1120 - MainUpdater not yet initialized. External WinMGr cannot be set.
2023-09-22 01:43:37,398 [INFO] ThirdPartyUpdaterWithRetryManager:70 - Updater plugin not ready yet. [2/15]
2023-09-22 01:43:37,420 [INFO] Updater:1056 - Updater Version found : 6.9.1
2023-09-22 01:43:37,442 [INFO] ApplicationProperties:184 - Using Application install path: /Applications/STM32CubeIDE.app/Contents/Eclipse/plugins/com.st.stm32cube.common.mx_6.9.1.202307191849
2023-09-22 01:43:37,713 [INFO] MainUpdater:2868 - connection check result : 10
2023-09-22 01:43:37,714 [INFO] MainUpdater:285 - Updater Check For Update Now.
2023-09-22 01:43:37,715 [INFO] MicroXplorer:498 - Change Database Version : DB.6.0.91
2023-09-22 01:43:37,729 [INFO] McuFinderGlobals:63 - Set McuFinder mode to 2 (CubeIDE integrated)
2023-09-22 01:43:38,085 [INFO] CheckServerUpdateThread:120 - End of CheckServer Thread
2023-09-22 01:43:40,639 [WARN] PackLoader:240 - Cannot read IP mode file for STMicroelectronics.X-CUBE-SMBUS.2.1.0
2023-09-22 01:43:40,763 [WARN] PackLoader:240 - Cannot read IP mode file for STMicroelectronics.X-CUBE-AZRTOS-F7.1.1.0
2023-09-22 01:43:40,866 [WARN] PackLoader:240 - Cannot read IP mode file for STMicroelectronics.FP-SNS-MOTENV1.4.3.2
2023-09-22 01:43:41,050 [WARN] PackLoader:240 - Cannot read IP mode file for STMicroelectronics.FP-SNS-FLIGHT1.5.0.2
2023-09-22 01:43:41,103 [WARN] PackLoader:240 - Cannot read IP mode file for STMicroelectronics.X-CUBE-DISPLAY.3.0.0
2023-09-22 01:43:41,265 [WARN] PackLoader:240 - Cannot read IP mode file for STMicroelectronics.X-CUBE-BLE1.7.0.0
2023-09-22 01:43:41,343 [WARN] PackLoader:240 - Cannot read IP mode file for emotas.I-CUBE-CANOPEN.1.3.0
2023-09-22 01:43:41,374 [WARN] PackLoader:240 - Cannot read IP mode file for STMicroelectronics.X-CUBE-TOUCHGFX.4.22.0
2023-09-22 01:43:41,415 [WARN] PackLoader:240 - Cannot read IP mode file for STMicroelectronics.FP-SNS-SMARTAG2.1.2.0
2023-09-22 01:43:41,470 [INFO] LogOutputStream:77 - [STDOUT_REDIRECT] 1 : Invalid condition id : UX_CORESTACK_Condition cause : null
2023-09-22 01:43:41,474 [INFO] LogOutputStream:77 - [STDOUT_REDIRECT] 1 : Invalid condition id : UX_CORESTACK_Condition cause : null
2023-09-22 01:43:41,476 [INFO] LogOutputStream:77 - [STDOUT_REDIRECT] 1 : Invalid condition id : UX_CORESTACK_Condition cause : null
2023-09-22 01:43:41,477 [INFO] LogOutputStream:77 - [STDOUT_REDIRECT] 1 : Invalid condition id : UX_CORESTACK_Condition cause : null
2023-09-22 01:43:41,478 [INFO] LogOutputStream:77 - [STDOUT_REDIRECT] 1 : Invalid condition id : UX_CORESTACK_Condition cause : null
2023-09-22 01:43:41,536 [WARN] PackLoader:240 - Cannot read IP mode file for STMicroelectronics.X-CUBE-AZRTOS-WL.2.0.0
2023-09-22 01:43:41,667 [WARN] PackLoader:240 - Cannot read IP mode file for WES.I-CUBE-Cesium.1.3.0
2023-09-22 01:43:41,701 [WARN] PackLoader:240 - Cannot read IP mode file for STMicroelectronics.X-CUBE-BLE2.3.3.0
2023-09-22 01:43:41,768 [WARN] PackLoader:240 - Cannot read IP mode file for STMicroelectronics.X-CUBE-ALGOBUILD.1.3.0
2023-09-22 01:43:41,861 [WARN] PackLoader:240 - Cannot read IP mode file for STMicroelectronics.X-CUBE-AZRTOS-G0.1.1.0
2023-09-22 01:43:41,928 [WARN] PackLoader:240 - Cannot read IP mode file for STMicroelectronics.X-CUBE-NFC4.3.0.0
2023-09-22 01:43:42,009 [WARN] PackLoader:240 - Cannot read IP mode file for STMicroelectronics.FP-ATR-SIGFOX1.3.2.0
2023-09-22 01:43:42,371 [WARN] PackLoader:240 - Cannot read IP mode file for SEGGER.I-CUBE-embOS.1.3.1
2023-09-22 01:43:42,658 [WARN] PackLoader:240 - Cannot read IP mode file for STMicroelectronics.X-CUBE-GNSS1.6.0.0
2023-09-22 01:43:42,769 [WARN] PackLoader:240 - Cannot read IP mode file for STMicroelectronics.X-CUBE-AZRTOS-F4.1.1.0
2023-09-22 01:43:42,793 [WARN] PackLoader:240 - Cannot read IP mode file for wolfSSL.I-CUBE-wolfSSL.5.6.3
2023-09-22 01:43:42,957 [WARN] PackLoader:240 - Cannot read IP mode file for STMicroelectronics.X-CUBE-AZRTOS-L5.2.0.0
2023-09-22 01:43:43,248 [WARN] PackLoader:240 - Cannot read IP mode file for STMicroelectronics.X-CUBE-MEMS1.9.6.0
2023-09-22 01:43:43,855 [WARN] PackLoader:240 - Cannot read IP mode file for STMicroelectronics.X-CUBE-BLEMGR.2.0.0
2023-09-22 01:43:43,967 [WARN] ConditionMgr:438 - getConditionDescription Invalid condition id : UX DEVICE CLASS RTOS Condition cause : null
2023-09-22 01:43:43,968 [WARN] ConditionMgr:438 - getConditionDescription Invalid condition id : UX DEVICE CLASS RTOS Condition cause : null
2023-09-22 01:43:43,990 [WARN] PackLoader:240 - Cannot read IP mode file for STMicroelectronics.X-CUBE-AZRTOS-H7.3.1.0
2023-09-22 01:43:43,995 [WARN] ConditionMgr:1039 - genDependencies : Invalid condition id : UX DEVICE CLASS RTOS Condition cause : null
2023-09-22 01:43:43,996 [WARN] ConditionMgr:1039 - genDependencies : Invalid condition id : UX DEVICE CLASS RTOS Condition cause : null
2023-09-22 01:43:43,998 [WARN] ConditionMgr:1039 - genDependencies : Invalid condition id : UX DEVICE CLASS RTOS Condition cause : null
2023-09-22 01:43:43,999 [WARN] ConditionMgr:1039 - genDependencies : Invalid condition id : UX DEVICE CLASS RTOS Condition cause : null
2023-09-22 01:43:44,000 [WARN] ConditionMgr:1039 - genDependencies : Invalid condition id : UX DEVICE CLASS RTOS Condition cause : null
2023-09-22 01:43:44,041 [WARN] PackLoader:240 - Cannot read IP mode file for STMicroelectronics.X-CUBE-NFC7.1.0.1
2023-09-22 01:43:44,071 [WARN] PackLoader:240 - Cannot read IP mode file for STMicroelectronics.X-CUBE-NFC6.3.0.0
2023-09-22 01:43:44,086 [WARN] PackLoader:240 - Cannot read IP mode file for STMicroelectronics.X-CUBE-EEPRMA1.4.1.0
2023-09-22 01:43:44,094 [WARN] PackLoader:240 - Cannot read IP mode file for STMicroelectronics.X-CUBE-AI.8.1.0
2023-09-22 01:43:44,146 [WARN] ConditionMgr:438 - getConditionDescription Invalid condition id : LAN8742 Phy interface Condition cause : null
2023-09-22 01:43:44,148 [WARN] PackLoader:240 - Cannot read IP mode file for STMicroelectronics.X-CUBE-AZRTOS-L4.2.0.0
2023-09-22 01:43:44,166 [WARN] ConditionMgr:1039 - genDependencies : Invalid condition id : LAN8742 Phy interface Condition cause : null
2023-09-22 01:43:44,168 [WARN] ConditionMgr:1039 - genDependencies : Invalid condition id : LAN8742 Phy interface Condition cause : null
2023-09-22 01:43:44,170 [WARN] ConditionMgr:1039 - genDependencies : Invalid condition id : LAN8742 Phy interface Condition cause : null
2023-09-22 01:43:44,232 [WARN] PackLoader:240 - Cannot read IP mode file for STMicroelectronics.X-CUBE-SFXS2LP1.4.0.0
2023-09-22 01:43:44,268 [WARN] PackLoader:240 - Cannot read IP mode file for STMicroelectronics.X-CUBE-ISPU.1.1.0
2023-09-22 01:43:44,308 [WARN] ConditionMgr:438 - getConditionDescription Invalid condition id : UX DEVICE CLASS RTOS Condition cause : null
2023-09-22 01:43:44,309 [WARN] ConditionMgr:438 - getConditionDescription Invalid condition id : UX DEVICE CLASS RTOS Condition cause : null
2023-09-22 01:43:44,318 [WARN] PackLoader:240 - Cannot read IP mode file for STMicroelectronics.X-CUBE-AZRTOS-WB.2.0.0
2023-09-22 01:43:44,321 [WARN] ConditionMgr:1039 - genDependencies : Invalid condition id : UX DEVICE CLASS RTOS Condition cause : null
2023-09-22 01:43:44,321 [WARN] ConditionMgr:1039 - genDependencies : Invalid condition id : UX DEVICE CLASS RTOS Condition cause : null
2023-09-22 01:43:44,323 [WARN] ConditionMgr:1039 - genDependencies : Invalid condition id : UX DEVICE CLASS RTOS Condition cause : null
2023-09-22 01:43:44,325 [WARN] ConditionMgr:1039 - genDependencies : Invalid condition id : UX DEVICE CLASS RTOS Condition cause : null
2023-09-22 01:43:44,325 [WARN] ConditionMgr:1039 - genDependencies : Invalid condition id : UX DEVICE CLASS RTOS Condition cause : null
2023-09-22 01:43:44,358 [WARN] PackLoader:240 - Cannot read IP mode file for STMicroelectronics.X-CUBE-SUBG2.5.0.0
2023-09-22 01:43:44,472 [WARN] PackLoader:240 - Cannot read IP mode file for STMicroelectronics.X-CUBE-TOF1.3.3.1
2023-09-22 01:43:44,720 [WARN] PackLoader:240 - Cannot read IP mode file for STMicroelectronics.X-CUBE-AZRTOS-G4.2.0.0
2023-09-22 01:43:44,844 [WARN] PackLoader:240 - Cannot read IP mode file for STMicroelectronics.X-CUBE-FREERTOS.1.1.0
2023-09-22 01:43:44,862 [WARN] PackLoader:240 - Cannot read IP mode file for portGmbH.I-Cube-SoM-uGOAL.1.1.0
2023-09-22 01:43:44,872 [WARN] PackLoader:240 - Cannot read IP mode file for STMicroelectronics.X-CUBE-ALS.1.0.1
2023-09-22 01:43:44,881 [WARN] PackLoader:240 - Cannot read IP mode file for STMicroelectronics.FP-ATR-ASTRA1.2.0.0
2023-09-22 01:43:44,898 [INFO] ThirdParty:978 - Integrity check success = true
2023-09-22 01:43:44,898 [INFO] IntegrityCheckThread:100 - exiting critical section [integrity check]
2023-09-22 01:43:44,899 [INFO] IntegrityCheckThread:103 - End integrity checks thread
2023-09-22 01:43:59,626 [ERROR] LogOutputStream:75 - [STDERR_REDIRECT] SLF4J: Failed to load class "org.slf4j.impl.StaticLoggerBinder".
2023-09-22 01:43:59,629 [ERROR] LogOutputStream:75 - [STDERR_REDIRECT] SLF4J: Defaulting to no-operation (NOP) logger implementation
2023-09-22 01:43:59,629 [ERROR] LogOutputStream:75 - [STDERR_REDIRECT] SLF4J: See http://www.slf4j.org/codes.html#StaticLoggerBinder for further details.
2023-09-22 02:33:31,922 [INFO] Activator:176 - 


2023-09-22 02:33:31,926 [INFO] Activator:177 - !SESSION log4j initialized
2023-09-22 02:33:43,552 [ERROR] LogOutputStream:75 - [STDERR_REDIRECT] 
2023-09-22 02:33:45,617 [INFO] LogOutputStream:77 - [STDOUT_REDIRECT] 
2023-09-22 02:33:49,387 [INFO] LogOutputStream:77 - [STDOUT_REDIRECT] 
2023-09-22 02:33:53,455 [INFO] ApplicationProperties:184 - Using Application install path: /Applications/STM32CubeIDE.app/Contents/Eclipse/plugins/com.st.stm32cube.common.mx_6.9.1.202307191849
2023-09-22 02:33:53,486 [INFO] DbMcusXml:78 - Set database path to: /Applications/STM32CubeIDE.app/Contents/Eclipse/plugins/com.st.stm32cube.common.mx_6.9.1.202307191849//db//mcu/
2023-09-22 02:33:53,486 [INFO] ApiDb:274 - Set plugin database path to: /Applications/STM32CubeIDE.app/Contents/Eclipse/plugins/com.st.stm32cube.common.mx_6.9.1.202307191849//db//plugins/boardmanager/
2023-09-22 02:33:53,487 [WARN] ApiDb:259 - Overriding images path with different value:  => /Applications/STM32CubeIDE.app/Contents/Eclipse/plugins/com.st.stm32cube.common.mx_6.9.1.202307191849//db//plugins/mcufinder/images/
2023-09-22 02:33:53,533 [INFO] ApiDb:250 - Set database path to: /Users/arnoldbenedictganapin/.stmcufinder/plugins/mcufinder//mcu/
2023-09-22 02:33:53,535 [INFO] DbMcusAds:125 - Set database path to: /Users/arnoldbenedictganapin/.stmcufinder/plugins/mcufinder//mcu/
2023-09-22 02:33:53,539 [INFO] CrossReferenceDbSqlite:203 - Set database path to: /Users/arnoldbenedictganapin/.stmcufinder/plugins/mcufinder//mcu/cs/
2023-09-22 02:33:53,899 [INFO] RulesReader:64 - Compatibility file has been processed (293 Rules)
2023-09-22 02:33:54,056 [INFO] DbMcusXml:78 - Set database path to: /Applications/STM32CubeIDE.app/Contents/Eclipse/plugins/com.st.stm32cube.common.mx_6.9.1.202307191849//db//mcu/
2023-09-22 02:33:54,057 [INFO] ApiDb:274 - Set plugin database path to: /Applications/STM32CubeIDE.app/Contents/Eclipse/plugins/com.st.stm32cube.common.mx_6.9.1.202307191849//db//plugins/boardmanager/
2023-09-22 02:33:54,057 [INFO] ApiDb:261 - Set plugin images path to: /Applications/STM32CubeIDE.app/Contents/Eclipse/plugins/com.st.stm32cube.common.mx_6.9.1.202307191849//db//plugins/mcufinder/images/
2023-09-22 02:33:54,058 [WARN] DbFile:41 - Overriding database path with different value: /Users/arnoldbenedictganapin/.stmcufinder/plugins/mcufinder/ => /Users/arnoldbenedictganapin/.stmcufinder/plugins/mcufinder
2023-09-22 02:33:54,058 [INFO] ApiDb:250 - Set database path to: /Users/arnoldbenedictganapin/.stmcufinder/plugins/mcufinder//mcu/
2023-09-22 02:33:54,058 [WARN] DbFile:41 - Overriding database path with different value: /Users/arnoldbenedictganapin/.stmcufinder/plugins/mcufinder/ => /Users/arnoldbenedictganapin/.stmcufinder/plugins/mcufinder
2023-09-22 02:33:54,059 [INFO] DbMcusAds:125 - Set database path to: /Users/arnoldbenedictganapin/.stmcufinder/plugins/mcufinder//mcu/
2023-09-22 02:33:54,059 [WARN] DbFile:41 - Overriding database path with different value: /Users/arnoldbenedictganapin/.stmcufinder/plugins/mcufinder/ => /Users/arnoldbenedictganapin/.stmcufinder/plugins/mcufinder
2023-09-22 02:33:54,059 [WARN] DbFile:41 - Overriding database path with different value: /Users/arnoldbenedictganapin/.stmcufinder/plugins/mcufinder/ => /Users/arnoldbenedictganapin/.stmcufinder/plugins/mcufinder
2023-09-22 02:33:54,060 [INFO] CrossReferenceDbSqlite:203 - Set database path to: /Users/arnoldbenedictganapin/.stmcufinder/plugins/mcufinder//mcu/cs/
2023-09-22 02:33:54,273 [INFO] MainPanel:262 - HeapMemory: 268435456
2023-09-22 02:33:54,464 [INFO] DbMcusXml:78 - Set database path to: /Applications/STM32CubeIDE.app/Contents/Eclipse/plugins/com.st.stm32cube.common.mx_6.9.1.202307191849//db//mcu/
2023-09-22 02:33:54,466 [INFO] ApiDb:274 - Set plugin database path to: /Applications/STM32CubeIDE.app/Contents/Eclipse/plugins/com.st.stm32cube.common.mx_6.9.1.202307191849//db//plugins/boardmanager/
2023-09-22 02:33:54,466 [INFO] ApiDb:261 - Set plugin images path to: /Applications/STM32CubeIDE.app/Contents/Eclipse/plugins/com.st.stm32cube.common.mx_6.9.1.202307191849//db//plugins/mcufinder/images/
2023-09-22 02:33:54,467 [WARN] DbFile:41 - Overriding database path with different value: /Users/arnoldbenedictganapin/.stmcufinder/plugins/mcufinder/ => /Users/arnoldbenedictganapin/.stmcufinder/plugins/mcufinder
2023-09-22 02:33:54,467 [INFO] ApiDb:250 - Set database path to: /Users/arnoldbenedictganapin/.stmcufinder/plugins/mcufinder//mcu/
2023-09-22 02:33:54,468 [WARN] DbFile:41 - Overriding database path with different value: /Users/arnoldbenedictganapin/.stmcufinder/plugins/mcufinder/ => /Users/arnoldbenedictganapin/.stmcufinder/plugins/mcufinder
2023-09-22 02:33:54,468 [INFO] DbMcusAds:125 - Set database path to: /Users/arnoldbenedictganapin/.stmcufinder/plugins/mcufinder//mcu/
2023-09-22 02:33:54,468 [WARN] DbFile:41 - Overriding database path with different value: /Users/arnoldbenedictganapin/.stmcufinder/plugins/mcufinder/ => /Users/arnoldbenedictganapin/.stmcufinder/plugins/mcufinder
2023-09-22 02:33:54,468 [WARN] DbFile:41 - Overriding database path with different value: /Users/arnoldbenedictganapin/.stmcufinder/plugins/mcufinder/ => /Users/arnoldbenedictganapin/.stmcufinder/plugins/mcufinder
2023-09-22 02:33:54,468 [INFO] CrossReferenceDbSqlite:203 - Set database path to: /Users/arnoldbenedictganapin/.stmcufinder/plugins/mcufinder//mcu/cs/
2023-09-22 02:33:54,493 [INFO] ApplicationProperties:184 - Using Application install path: /Applications/STM32CubeIDE.app/Contents/Eclipse/plugins/com.st.stm32cube.common.mx_6.9.1.202307191849
2023-09-22 02:33:54,495 [INFO] PluginManage:196 - Search for loadable plugins [exclusion list=, ]
2023-09-22 02:33:54,501 [INFO] PluginManage:310 - Check plugin analytics
2023-09-22 02:33:55,002 [INFO] AnalyticsPlugin:253 - Accepted Software Licenses: 
2023-09-22 02:33:55,003 [INFO] AnalyticsPlugin:255 - Accepted CMSIS Pack Licenses: 
2023-09-22 02:33:55,003 [INFO] AnalyticsPlugin:257 - Accepted Firmware Licenses: FW.F4.1.27.0
2023-09-22 02:33:55,016 [INFO] PluginManage:359 - Loaded plugin analytics (category:tool,tabindex:-1)
2023-09-22 02:33:55,019 [INFO] PluginManage:310 - Check plugin cadmodel
2023-09-22 02:33:55,614 [INFO] CADModel:105 - Init CAD model plugin
2023-09-22 02:33:55,618 [INFO] PluginManage:359 - Loaded plugin cadmodel (category:power,tabindex:5)
2023-09-22 02:33:55,624 [INFO] PluginManage:310 - Check plugin clock
2023-09-22 02:33:55,684 [INFO] PluginManage:359 - Loaded plugin clock (category:base,tabindex:2)
2023-09-22 02:33:55,686 [INFO] PluginManage:310 - Check plugin ddr
2023-09-22 02:33:55,691 [INFO] PluginManage:359 - Loaded plugin ddr (category:tool,tabindex:6)
2023-09-22 02:33:55,692 [INFO] PluginManage:310 - Check plugin filemanager
2023-09-22 02:33:56,200 [INFO] PluginManage:359 - Loaded plugin filemanager (category:base,tabindex:10)
2023-09-22 02:33:56,201 [INFO] PluginManage:310 - Check plugin ipmanager
2023-09-22 02:33:56,213 [INFO] PluginManage:359 - Loaded plugin ipmanager (category:base,tabindex:5)
2023-09-22 02:33:56,213 [INFO] PluginManage:310 - Check plugin lpbam
2023-09-22 02:33:56,227 [INFO] PluginManage:359 - Loaded plugin lpbam (category:base,tabindex:0)
2023-09-22 02:33:56,228 [INFO] PluginManage:310 - Check plugin memorymap
2023-09-22 02:33:56,243 [INFO] PluginManage:359 - Loaded plugin memorymap (category:base,tabindex:4)
2023-09-22 02:33:56,243 [INFO] PluginManage:310 - Check plugin pinoutandconfiguration
2023-09-22 02:33:56,253 [INFO] PluginManage:359 - Loaded plugin pinoutandconfiguration (category:base,tabindex:1)
2023-09-22 02:33:56,253 [INFO] PluginManage:310 - Check plugin pinoutconfig
2023-09-22 02:33:56,403 [WARN] SupportedApi:132 - Cannot load RTOS API schema: s4s-elt-must-match.1: The content of 'definitions' must match (annotation?, (simpleType | complexType)?, (unique | key | keyref)*)). A problem was found starting at: attribute.
2023-09-22 02:33:56,816 [INFO] PluginManage:359 - Loaded plugin pinoutconfig (category:base,tabindex:0)
2023-09-22 02:33:56,817 [INFO] PluginManage:310 - Check plugin power
2023-09-22 02:33:56,837 [INFO] PluginManage:359 - Loaded plugin power (category:power,tabindex:4)
2023-09-22 02:33:56,837 [INFO] PluginManage:310 - Check plugin projectmanager
2023-09-22 02:33:56,879 [INFO] PluginManage:359 - Loaded plugin projectmanager (category:projectmanager,tabindex:3)
2023-09-22 02:33:56,880 [INFO] PluginManage:310 - Check plugin thirdparty
2023-09-22 02:33:57,136 [INFO] PluginManage:359 - Loaded plugin thirdparty (category:base,tabindex:-1)
2023-09-22 02:33:57,137 [INFO] PluginManage:310 - Check plugin tools
2023-09-22 02:33:57,136 [WARN] IntegrityCheckThread:84 - waiting for thirdparty lock release [integrity check]
2023-09-22 02:33:57,137 [INFO] IntegrityCheckThread:86 - entering critical section [integrity check]
2023-09-22 02:33:57,140 [INFO] ThirdPartyUpdaterWithRetryManager:70 - Updater plugin not ready yet. [1/15]
2023-09-22 02:33:57,141 [INFO] PluginManage:359 - Loaded plugin tools (category:base,tabindex:7)
2023-09-22 02:33:57,141 [INFO] PluginManage:310 - Check plugin tutovideos
2023-09-22 02:33:57,378 [INFO] PluginManage:359 - Loaded plugin tutovideos (category:base,tabindex:-1)
2023-09-22 02:33:57,379 [INFO] PluginManage:310 - Check plugin updater
2023-09-22 02:33:57,398 [INFO] PluginManage:359 - Loaded plugin updater (category:base,tabindex:12)
2023-09-22 02:33:57,398 [INFO] PluginManage:310 - Check plugin userauth
2023-09-22 02:33:57,406 [INFO] UserAuth:113 - Init User Auth plugin
2023-09-22 02:33:57,406 [INFO] PluginManage:359 - Loaded plugin userauth (category:base,tabindex:14)
2023-09-22 02:33:57,407 [INFO] PluginManage:283 - PluginManage : Loaded plugins [17]
2023-09-22 02:33:57,866 [INFO] PinOutPanel:1499 - setPackage(No Configuration,No Configuration)
2023-09-22 02:33:58,009 [INFO] CADModel:165 - CPN selected for project level
2023-09-22 02:33:58,009 [INFO] CADModel:114 - Register for checkConnection events
2023-09-22 02:33:58,025 [INFO] IPUIPlugin:80 - create IPUIPlugin
2023-09-22 02:33:58,026 [INFO] PluginManager:220 - loadIPPluginJar : add mdma
2023-09-22 02:33:58,034 [INFO] IPUIPlugin:80 - create IPUIPlugin
2023-09-22 02:33:58,034 [INFO] PluginManager:220 - loadIPPluginJar : add freertos
2023-09-22 02:33:58,039 [INFO] IPUIPlugin:80 - create IPUIPlugin
2023-09-22 02:33:58,040 [INFO] PluginManager:220 - loadIPPluginJar : add gic
2023-09-22 02:33:58,049 [INFO] IPUIPlugin:80 - create IPUIPlugin
2023-09-22 02:33:58,050 [INFO] PluginManager:220 - loadIPPluginJar : add adc
2023-09-22 02:33:58,054 [INFO] IPUIPlugin:80 - create IPUIPlugin
2023-09-22 02:33:58,054 [INFO] PluginManager:220 - loadIPPluginJar : add gtzc
2023-09-22 02:33:58,055 [INFO] IPUIPlugin:80 - create IPUIPlugin
2023-09-22 02:33:58,055 [INFO] PluginManager:220 - loadIPPluginJar : add quadspi
2023-09-22 02:33:58,057 [INFO] IPUIPlugin:80 - create IPUIPlugin
2023-09-22 02:33:58,057 [INFO] PluginManager:220 - loadIPPluginJar : add aes
2023-09-22 02:33:58,059 [INFO] IPUIPlugin:80 - create IPUIPlugin
2023-09-22 02:33:58,059 [INFO] PluginManager:220 - loadIPPluginJar : add pdm2pcm
2023-09-22 02:33:58,061 [INFO] IPUIPlugin:80 - create IPUIPlugin
2023-09-22 02:33:58,061 [INFO] PluginManager:220 - loadIPPluginJar : add hash
2023-09-22 02:33:58,062 [INFO] IPUIPlugin:80 - create IPUIPlugin
2023-09-22 02:33:58,062 [INFO] PluginManager:220 - loadIPPluginJar : add tim
2023-09-22 02:33:58,064 [INFO] IPUIPlugin:80 - create IPUIPlugin
2023-09-22 02:33:58,064 [INFO] PluginManager:220 - loadIPPluginJar : add tsc
2023-09-22 02:33:58,065 [INFO] IPUIPlugin:80 - create IPUIPlugin
2023-09-22 02:33:58,066 [INFO] PluginManager:220 - loadIPPluginJar : add ts
2023-09-22 02:33:58,068 [INFO] IPUIPlugin:80 - create IPUIPlugin
2023-09-22 02:33:58,068 [INFO] PluginManager:220 - loadIPPluginJar : add can
2023-09-22 02:33:58,071 [INFO] IPUIPlugin:80 - create IPUIPlugin
2023-09-22 02:33:58,071 [INFO] PluginManager:220 - loadIPPluginJar : add dma3
2023-09-22 02:33:58,074 [INFO] IPUIPlugin:80 - create IPUIPlugin
2023-09-22 02:33:58,074 [INFO] PluginManager:220 - loadIPPluginJar : add dfsdm
2023-09-22 02:33:58,077 [INFO] IPUIPlugin:80 - create IPUIPlugin
2023-09-22 02:33:58,077 [INFO] PluginManager:220 - loadIPPluginJar : add spi
2023-09-22 02:33:58,079 [INFO] IPUIPlugin:80 - create IPUIPlugin
2023-09-22 02:33:58,079 [INFO] PluginManager:220 - loadIPPluginJar : add gfxmmu
2023-09-22 02:33:58,080 [INFO] IPUIPlugin:80 - create IPUIPlugin
2023-09-22 02:33:58,080 [INFO] PluginManager:220 - loadIPPluginJar : add genericplugin
2023-09-22 02:33:58,082 [INFO] IPUIPlugin:80 - create IPUIPlugin
2023-09-22 02:33:58,082 [INFO] PluginManager:220 - loadIPPluginJar : add cryp
2023-09-22 02:33:58,085 [INFO] IPUIPlugin:80 - create IPUIPlugin
2023-09-22 02:33:58,085 [INFO] PluginManager:220 - loadIPPluginJar : add gpio
2023-09-22 02:33:58,088 [INFO] IPUIPlugin:80 - create IPUIPlugin
2023-09-22 02:33:58,088 [INFO] PluginManager:220 - loadIPPluginJar : add comp
2023-09-22 02:33:58,093 [INFO] IPUIPlugin:80 - create IPUIPlugin
2023-09-22 02:33:58,094 [INFO] PluginManager:220 - loadIPPluginJar : add tracer_emb
2023-09-22 02:33:58,098 [INFO] IPUIPlugin:80 - create IPUIPlugin
2023-09-22 02:33:58,098 [INFO] PluginManager:220 - loadIPPluginJar : add openamp
2023-09-22 02:33:58,103 [INFO] IPUIPlugin:80 - create IPUIPlugin
2023-09-22 02:33:58,103 [INFO] PluginManager:220 - loadIPPluginJar : add stm32_wpan
2023-09-22 02:33:58,109 [INFO] IPUIPlugin:80 - create IPUIPlugin
2023-09-22 02:33:58,117 [INFO] PluginManager:220 - loadIPPluginJar : add plateformsettings
2023-09-22 02:33:58,121 [INFO] IPUIPlugin:80 - create IPUIPlugin
2023-09-22 02:33:58,121 [INFO] PluginManager:220 - loadIPPluginJar : add ipddr
2023-09-22 02:33:58,126 [INFO] IPUIPlugin:80 - create IPUIPlugin
2023-09-22 02:33:58,126 [INFO] PluginManager:220 - loadIPPluginJar : add usart
2023-09-22 02:33:58,127 [INFO] IPUIPlugin:80 - create IPUIPlugin
2023-09-22 02:33:58,127 [INFO] PluginManager:220 - loadIPPluginJar : add ltdc
2023-09-22 02:33:58,132 [INFO] IPUIPlugin:80 - create IPUIPlugin
2023-09-22 02:33:58,132 [INFO] PluginManager:220 - loadIPPluginJar : add nvic
2023-09-22 02:33:58,133 [INFO] IPUIPlugin:80 - create IPUIPlugin
2023-09-22 02:33:58,133 [INFO] PluginManager:220 - loadIPPluginJar : add fatfs
2023-09-22 02:33:58,140 [INFO] IPUIPlugin:80 - create IPUIPlugin
2023-09-22 02:33:58,140 [INFO] PluginManager:220 - loadIPPluginJar : add linkedlist
2023-09-22 02:33:58,146 [INFO] IPUIPlugin:80 - create IPUIPlugin
2023-09-22 02:33:58,146 [INFO] PluginManager:220 - loadIPPluginJar : add dma
2023-09-22 02:33:58,149 [INFO] IPUIPlugin:80 - create IPUIPlugin
2023-09-22 02:33:58,150 [INFO] PluginManager:220 - loadIPPluginJar : add fmc
2023-09-22 02:33:58,152 [INFO] IPUIPlugin:80 - create IPUIPlugin
2023-09-22 02:33:58,154 [INFO] PluginManager:220 - loadIPPluginJar : add i2s
2023-09-22 02:33:58,158 [INFO] IPUIPlugin:80 - create IPUIPlugin
2023-09-22 02:33:58,158 [INFO] PluginManager:220 - loadIPPluginJar : add ucpd
2023-09-22 02:33:58,164 [INFO] IPUIPlugin:80 - create IPUIPlugin
2023-09-22 02:33:58,164 [INFO] PluginManager:220 - loadIPPluginJar : add lorawan
2023-09-22 02:33:58,167 [INFO] IPUIPlugin:80 - create IPUIPlugin
2023-09-22 02:33:58,167 [INFO] PluginManager:220 - loadIPPluginJar : add opamp
2023-09-22 02:33:58,169 [INFO] IPUIPlugin:80 - create IPUIPlugin
2023-09-22 02:33:58,169 [INFO] PluginManager:220 - loadIPPluginJar : add i3c
2023-09-22 02:33:58,171 [INFO] IPUIPlugin:80 - create IPUIPlugin
2023-09-22 02:33:58,172 [INFO] PluginManager:220 - loadIPPluginJar : add touchsensing
2023-09-22 02:33:58,174 [INFO] IPUIPlugin:80 - create IPUIPlugin
2023-09-22 02:33:58,174 [INFO] PluginManager:220 - loadIPPluginJar : add i2c
2023-09-22 02:33:58,177 [INFO] IPUIPlugin:80 - create IPUIPlugin
2023-09-22 02:33:58,178 [INFO] PluginManager:220 - loadIPPluginJar : add resmgrutility
2023-09-22 02:33:58,180 [INFO] IPUIPlugin:80 - create IPUIPlugin
2023-09-22 02:33:58,180 [INFO] PluginManager:220 - loadIPPluginJar : add sai
2023-09-22 02:33:58,182 [INFO] IPUIPlugin:80 - create IPUIPlugin
2023-09-22 02:33:58,182 [INFO] PluginManager:220 - loadIPPluginJar : add usbx
2023-09-22 02:33:58,331 [INFO] CADModel:165 - CPN selected for project level
2023-09-22 02:33:58,333 [INFO] CADModel:114 - Register for checkConnection events
2023-09-22 02:33:58,334 [FATAL] Updater:308 - Updater called before beeing initialized
2023-09-22 02:33:58,334 [ERROR] CADModel:125 - Updater not yet initialized, retry later 
2023-09-22 02:33:59,514 [INFO] CADModel:165 - CPN selected for project level
2023-09-22 02:33:59,517 [INFO] CADModel:114 - Register for checkConnection events
2023-09-22 02:33:59,518 [FATAL] Updater:308 - Updater called before beeing initialized
2023-09-22 02:33:59,518 [ERROR] CADModel:125 - Updater not yet initialized, retry later 
2023-09-22 02:33:59,522 [FATAL] Updater:308 - Updater called before beeing initialized
2023-09-22 02:33:59,806 [FATAL] Updater:308 - Updater called before beeing initialized
2023-09-22 02:33:59,840 [INFO] DbMcusAds:53 - JSON generation date=Tue Mar 07 16:50:55 PST 2023 (1678179055335)
2023-09-22 02:33:59,841 [FATAL] Updater:308 - Updater called before beeing initialized
2023-09-22 02:33:59,923 [WARN] DetailPanel:346 - Failed to get advertising image, set to default
2023-09-22 02:34:00,049 [FATAL] Updater:308 - Updater called before beeing initialized
2023-09-22 02:34:00,051 [FATAL] Updater:308 - Updater called before beeing initialized
2023-09-22 02:34:00,051 [FATAL] Updater:308 - Updater called before beeing initialized
2023-09-22 02:34:00,051 [WARN] DetailPanel:346 - Failed to get advertising image, set to default
2023-09-22 02:34:00,053 [FATAL] Updater:308 - Updater called before beeing initialized
2023-09-22 02:34:00,148 [INFO] ThirdPartyUpdaterWithRetryManager:70 - Updater plugin not ready yet. [2/15]
2023-09-22 02:34:00,220 [ERROR] Updater:1120 - MainUpdater not yet initialized. External WinMGr cannot be set.
2023-09-22 02:34:00,304 [INFO] Updater:1056 - Updater Version found : 6.9.1
2023-09-22 02:34:00,333 [INFO] ApplicationProperties:184 - Using Application install path: /Applications/STM32CubeIDE.app/Contents/Eclipse/plugins/com.st.stm32cube.common.mx_6.9.1.202307191849
2023-09-22 02:34:00,777 [INFO] MainUpdater:2868 - connection check result : 10
2023-09-22 02:34:00,780 [INFO] MainUpdater:285 - Updater Check For Update Now.
2023-09-22 02:34:00,781 [INFO] MicroXplorer:498 - Change Database Version : DB.6.0.91
2023-09-22 02:34:00,807 [INFO] McuFinderGlobals:63 - Set McuFinder mode to 2 (CubeIDE integrated)
2023-09-22 02:34:01,299 [INFO] CheckServerUpdateThread:120 - End of CheckServer Thread
2023-09-22 02:34:03,462 [WARN] PackLoader:240 - Cannot read IP mode file for STMicroelectronics.X-CUBE-SMBUS.2.1.0
2023-09-22 02:34:03,636 [WARN] PackLoader:240 - Cannot read IP mode file for STMicroelectronics.X-CUBE-AZRTOS-F7.1.1.0
2023-09-22 02:34:03,734 [WARN] PackLoader:240 - Cannot read IP mode file for STMicroelectronics.FP-SNS-MOTENV1.4.3.2
2023-09-22 02:34:03,828 [WARN] PackLoader:240 - Cannot read IP mode file for STMicroelectronics.FP-SNS-FLIGHT1.5.0.2
2023-09-22 02:34:03,865 [WARN] PackLoader:240 - Cannot read IP mode file for STMicroelectronics.X-CUBE-DISPLAY.3.0.0
2023-09-22 02:34:04,031 [WARN] PackLoader:240 - Cannot read IP mode file for STMicroelectronics.X-CUBE-BLE1.7.0.0
2023-09-22 02:34:04,089 [WARN] PackLoader:240 - Cannot read IP mode file for emotas.I-CUBE-CANOPEN.1.3.0
2023-09-22 02:34:04,133 [WARN] PackLoader:240 - Cannot read IP mode file for STMicroelectronics.X-CUBE-TOUCHGFX.4.22.0
2023-09-22 02:34:04,156 [WARN] PackLoader:240 - Cannot read IP mode file for STMicroelectronics.FP-SNS-SMARTAG2.1.2.0
2023-09-22 02:34:04,193 [INFO] LogOutputStream:77 - [STDOUT_REDIRECT] 1 : Invalid condition id : UX_CORESTACK_Condition cause : null
2023-09-22 02:34:04,200 [INFO] LogOutputStream:77 - [STDOUT_REDIRECT] 1 : Invalid condition id : UX_CORESTACK_Condition cause : null
2023-09-22 02:34:04,200 [INFO] LogOutputStream:77 - [STDOUT_REDIRECT] 1 : Invalid condition id : UX_CORESTACK_Condition cause : null
2023-09-22 02:34:04,201 [INFO] LogOutputStream:77 - [STDOUT_REDIRECT] 1 : Invalid condition id : UX_CORESTACK_Condition cause : null
2023-09-22 02:34:04,201 [INFO] LogOutputStream:77 - [STDOUT_REDIRECT] 1 : Invalid condition id : UX_CORESTACK_Condition cause : null
2023-09-22 02:34:04,217 [WARN] PackLoader:240 - Cannot read IP mode file for STMicroelectronics.X-CUBE-AZRTOS-WL.2.0.0
2023-09-22 02:34:04,256 [WARN] PackLoader:240 - Cannot read IP mode file for WES.I-CUBE-Cesium.1.3.0
2023-09-22 02:34:04,276 [WARN] PackLoader:240 - Cannot read IP mode file for STMicroelectronics.X-CUBE-BLE2.3.3.0
2023-09-22 02:34:04,296 [WARN] PackLoader:240 - Cannot read IP mode file for STMicroelectronics.X-CUBE-ALGOBUILD.1.3.0
2023-09-22 02:34:04,348 [WARN] PackLoader:240 - Cannot read IP mode file for STMicroelectronics.X-CUBE-AZRTOS-G0.1.1.0
2023-09-22 02:34:04,389 [WARN] PackLoader:240 - Cannot read IP mode file for STMicroelectronics.X-CUBE-NFC4.3.0.0
2023-09-22 02:34:04,474 [WARN] PackLoader:240 - Cannot read IP mode file for STMicroelectronics.FP-ATR-SIGFOX1.3.2.0
2023-09-22 02:34:04,621 [WARN] PackLoader:240 - Cannot read IP mode file for SEGGER.I-CUBE-embOS.1.3.1
2023-09-22 02:34:04,740 [WARN] PackLoader:240 - Cannot read IP mode file for STMicroelectronics.X-CUBE-GNSS1.6.0.0
2023-09-22 02:34:04,791 [WARN] PackLoader:240 - Cannot read IP mode file for STMicroelectronics.X-CUBE-AZRTOS-F4.1.1.0
2023-09-22 02:34:04,813 [WARN] PackLoader:240 - Cannot read IP mode file for wolfSSL.I-CUBE-wolfSSL.5.6.3
2023-09-22 02:34:04,869 [WARN] PackLoader:240 - Cannot read IP mode file for STMicroelectronics.X-CUBE-AZRTOS-L5.2.0.0
2023-09-22 02:34:05,021 [WARN] PackLoader:240 - Cannot read IP mode file for STMicroelectronics.X-CUBE-MEMS1.9.6.0
2023-09-22 02:34:05,317 [WARN] PackLoader:240 - Cannot read IP mode file for STMicroelectronics.X-CUBE-BLEMGR.2.0.0
2023-09-22 02:34:05,362 [WARN] ConditionMgr:438 - getConditionDescription Invalid condition id : UX DEVICE CLASS RTOS Condition cause : null
2023-09-22 02:34:05,363 [WARN] ConditionMgr:438 - getConditionDescription Invalid condition id : UX DEVICE CLASS RTOS Condition cause : null
2023-09-22 02:34:05,374 [WARN] PackLoader:240 - Cannot read IP mode file for STMicroelectronics.X-CUBE-AZRTOS-H7.3.1.0
2023-09-22 02:34:05,378 [WARN] ConditionMgr:1039 - genDependencies : Invalid condition id : UX DEVICE CLASS RTOS Condition cause : null
2023-09-22 02:34:05,379 [WARN] ConditionMgr:1039 - genDependencies : Invalid condition id : UX DEVICE CLASS RTOS Condition cause : null
2023-09-22 02:34:05,381 [WARN] ConditionMgr:1039 - genDependencies : Invalid condition id : UX DEVICE CLASS RTOS Condition cause : null
2023-09-22 02:34:05,382 [WARN] ConditionMgr:1039 - genDependencies : Invalid condition id : UX DEVICE CLASS RTOS Condition cause : null
2023-09-22 02:34:05,383 [WARN] ConditionMgr:1039 - genDependencies : Invalid condition id : UX DEVICE CLASS RTOS Condition cause : null
2023-09-22 02:34:05,397 [WARN] PackLoader:240 - Cannot read IP mode file for STMicroelectronics.X-CUBE-NFC7.1.0.1
2023-09-22 02:34:05,423 [WARN] PackLoader:240 - Cannot read IP mode file for STMicroelectronics.X-CUBE-NFC6.3.0.0
2023-09-22 02:34:05,436 [WARN] PackLoader:240 - Cannot read IP mode file for STMicroelectronics.X-CUBE-EEPRMA1.4.1.0
2023-09-22 02:34:05,443 [WARN] PackLoader:240 - Cannot read IP mode file for STMicroelectronics.X-CUBE-AI.8.1.0
2023-09-22 02:34:05,479 [WARN] ConditionMgr:438 - getConditionDescription Invalid condition id : LAN8742 Phy interface Condition cause : null
2023-09-22 02:34:05,481 [WARN] PackLoader:240 - Cannot read IP mode file for STMicroelectronics.X-CUBE-AZRTOS-L4.2.0.0
2023-09-22 02:34:05,485 [WARN] ConditionMgr:1039 - genDependencies : Invalid condition id : LAN8742 Phy interface Condition cause : null
2023-09-22 02:34:05,485 [WARN] ConditionMgr:1039 - genDependencies : Invalid condition id : LAN8742 Phy interface Condition cause : null
2023-09-22 02:34:05,487 [WARN] ConditionMgr:1039 - genDependencies : Invalid condition id : LAN8742 Phy interface Condition cause : null
2023-09-22 02:34:05,508 [WARN] PackLoader:240 - Cannot read IP mode file for STMicroelectronics.X-CUBE-SFXS2LP1.4.0.0
2023-09-22 02:34:05,517 [WARN] PackLoader:240 - Cannot read IP mode file for STMicroelectronics.X-CUBE-ISPU.1.1.0
2023-09-22 02:34:05,535 [WARN] ConditionMgr:438 - getConditionDescription Invalid condition id : UX DEVICE CLASS RTOS Condition cause : null
2023-09-22 02:34:05,535 [WARN] ConditionMgr:438 - getConditionDescription Invalid condition id : UX DEVICE CLASS RTOS Condition cause : null
2023-09-22 02:34:05,541 [WARN] PackLoader:240 - Cannot read IP mode file for STMicroelectronics.X-CUBE-AZRTOS-WB.2.0.0
2023-09-22 02:34:05,543 [WARN] ConditionMgr:1039 - genDependencies : Invalid condition id : UX DEVICE CLASS RTOS Condition cause : null
2023-09-22 02:34:05,543 [WARN] ConditionMgr:1039 - genDependencies : Invalid condition id : UX DEVICE CLASS RTOS Condition cause : null
2023-09-22 02:34:05,544 [WARN] ConditionMgr:1039 - genDependencies : Invalid condition id : UX DEVICE CLASS RTOS Condition cause : null
2023-09-22 02:34:05,546 [WARN] ConditionMgr:1039 - genDependencies : Invalid condition id : UX DEVICE CLASS RTOS Condition cause : null
2023-09-22 02:34:05,546 [WARN] ConditionMgr:1039 - genDependencies : Invalid condition id : UX DEVICE CLASS RTOS Condition cause : null
2023-09-22 02:34:05,565 [WARN] PackLoader:240 - Cannot read IP mode file for STMicroelectronics.X-CUBE-SUBG2.5.0.0
2023-09-22 02:34:05,589 [WARN] PackLoader:240 - Cannot read IP mode file for STMicroelectronics.X-CUBE-TOF1.3.3.1
2023-09-22 02:34:05,649 [WARN] PackLoader:240 - Cannot read IP mode file for STMicroelectronics.X-CUBE-AZRTOS-G4.2.0.0
2023-09-22 02:34:05,662 [WARN] PackLoader:240 - Cannot read IP mode file for STMicroelectronics.X-CUBE-FREERTOS.1.1.0
2023-09-22 02:34:05,673 [WARN] PackLoader:240 - Cannot read IP mode file for portGmbH.I-Cube-SoM-uGOAL.1.1.0
2023-09-22 02:34:05,679 [WARN] PackLoader:240 - Cannot read IP mode file for STMicroelectronics.X-CUBE-ALS.1.0.1
2023-09-22 02:34:05,684 [WARN] PackLoader:240 - Cannot read IP mode file for STMicroelectronics.FP-ATR-ASTRA1.2.0.0
2023-09-22 02:34:05,690 [INFO] ThirdParty:978 - Integrity check success = true
2023-09-22 02:34:05,690 [INFO] IntegrityCheckThread:100 - exiting critical section [integrity check]
2023-09-22 02:34:05,690 [INFO] IntegrityCheckThread:103 - End integrity checks thread
2023-09-22 02:34:28,018 [ERROR] LogOutputStream:75 - [STDERR_REDIRECT] SLF4J: Failed to load class "org.slf4j.impl.StaticLoggerBinder".
2023-09-22 02:34:28,046 [ERROR] LogOutputStream:75 - [STDERR_REDIRECT] SLF4J: Defaulting to no-operation (NOP) logger implementation
2023-09-22 02:34:28,055 [ERROR] LogOutputStream:75 - [STDERR_REDIRECT] SLF4J: See http://www.slf4j.org/codes.html#StaticLoggerBinder for further details.
