22:29:55 **** Incremental Build of configuration Release for project 010_adc2_continous_conversion2 ****
make -j8 all 
arm-none-eabi-gcc "../Src/adc.c" -mcpu=cortex-m4 -std=gnu11 -DSTM32 -DSTM32F4 -DSTM32F411RETx -c -I../Inc -Os -ffunction-sections -fdata-sections -Wall -fstack-usage -MMD -MP -MF"Src/adc.d" -MT"Src/adc.o" --specs=nano.specs -mfpu=fpv4-sp-d16 -mfloat-abi=hard -mthumb -o "Src/adc.o"
arm-none-eabi-gcc "../Src/main.c" -mcpu=cortex-m4 -std=gnu11 -DSTM32 -DSTM32F4 -DSTM32F411RETx -c -I../Inc -Os -ffunction-sections -fdata-sections -Wall -fstack-usage -MMD -MP -MF"Src/main.d" -MT"Src/main.o" --specs=nano.specs -mfpu=fpv4-sp-d16 -mfloat-abi=hard -mthumb -o "Src/main.o"
arm-none-eabi-gcc "../Src/uart.c" -mcpu=cortex-m4 -std=gnu11 -DSTM32 -DSTM32F4 -DSTM32F411RETx -c -I../Inc -Os -ffunction-sections -fdata-sections -Wall -fstack-usage -MMD -MP -MF"Src/uart.d" -MT"Src/uart.o" --specs=nano.specs -mfpu=fpv4-sp-d16 -mfloat-abi=hard -mthumb -o "Src/uart.o"
../Src/adc.c:7:10: fatal error: stm32f4xx.h: No such file or directory
    7 | #include "stm32f4xx.h"
      |          ^~~~~~~~~~~~~
compilation terminated.
make: *** [Src/subdir.mk:31: Src/adc.o] Error 1
make: *** Waiting for unfinished jobs....
In file included from ../Src/uart.c:1:
../Inc/uart.h:7:10: fatal error: stm32f4xx.h: No such file or directory
    7 | #include "stm32f4xx.h"
      |          ^~~~~~~~~~~~~
compilation terminated.
../Src/main.c:5:10: fatal error: stm32f4xx.h: No such file or directory
    5 | #include "stm32f4xx.h"
      |          ^~~~~~~~~~~~~
compilation terminated.
make: *** [Src/subdir.mk:31: Src/uart.o] Error 1
make: *** [Src/subdir.mk:31: Src/main.o] Error 1
"make -j8 all" terminated with exit code 2. Build might be incomplete.

22:29:55 Build Failed. 7 errors, 0 warnings. (took 282ms)

